{
  "/Users/igormorenosemedo/Documents/Dev/kiln/mintlayer/apps/nft-dapp/playwright.config.ts": {
    "path": "/Users/igormorenosemedo/Documents/Dev/kiln/mintlayer/apps/nft-dapp/playwright.config.ts",
    "all": true,
    "statementMap": {
      "0": {
        "start": { "line": 1, "column": 0 },
        "end": { "line": 1, "column": 57 }
      },
      "2": {
        "start": { "line": 3, "column": 0 },
        "end": { "line": 3, "column": 29 }
      },
      "3": {
        "start": { "line": 4, "column": 0 },
        "end": { "line": 4, "column": 19 }
      },
      "4": {
        "start": { "line": 5, "column": 0 },
        "end": { "line": 5, "column": 22 }
      },
      "5": {
        "start": { "line": 6, "column": 0 },
        "end": { "line": 6, "column": 31 }
      },
      "6": {
        "start": { "line": 7, "column": 0 },
        "end": { "line": 7, "column": 34 }
      },
      "7": {
        "start": { "line": 8, "column": 0 },
        "end": { "line": 8, "column": 42 }
      },
      "8": {
        "start": { "line": 9, "column": 0 },
        "end": { "line": 9, "column": 19 }
      },
      "9": {
        "start": { "line": 10, "column": 0 },
        "end": { "line": 10, "column": 8 }
      },
      "10": {
        "start": { "line": 11, "column": 0 },
        "end": { "line": 11, "column": 37 }
      },
      "11": {
        "start": { "line": 12, "column": 0 },
        "end": { "line": 12, "column": 28 }
      },
      "12": {
        "start": { "line": 13, "column": 0 },
        "end": { "line": 13, "column": 34 }
      },
      "13": {
        "start": { "line": 14, "column": 0 },
        "end": { "line": 14, "column": 4 }
      },
      "14": {
        "start": { "line": 15, "column": 0 },
        "end": { "line": 15, "column": 13 }
      },
      "15": {
        "start": { "line": 16, "column": 0 },
        "end": { "line": 16, "column": 5 }
      },
      "16": {
        "start": { "line": 17, "column": 0 },
        "end": { "line": 17, "column": 23 }
      },
      "17": {
        "start": { "line": 18, "column": 0 },
        "end": { "line": 18, "column": 44 }
      },
      "18": {
        "start": { "line": 19, "column": 0 },
        "end": { "line": 19, "column": 6 }
      },
      "19": {
        "start": { "line": 20, "column": 0 },
        "end": { "line": 20, "column": 4 }
      },
      "20": {
        "start": { "line": 21, "column": 0 },
        "end": { "line": 21, "column": 14 }
      },
      "21": {
        "start": { "line": 22, "column": 0 },
        "end": { "line": 22, "column": 24 }
      },
      "22": {
        "start": { "line": 23, "column": 0 },
        "end": { "line": 23, "column": 33 }
      },
      "23": {
        "start": { "line": 24, "column": 0 },
        "end": { "line": 24, "column": 41 }
      },
      "24": {
        "start": { "line": 25, "column": 0 },
        "end": { "line": 25, "column": 24 }
      },
      "25": {
        "start": { "line": 26, "column": 0 },
        "end": { "line": 26, "column": 4 }
      },
      "26": {
        "start": { "line": 27, "column": 0 },
        "end": { "line": 27, "column": 3 }
      }
    },
    "s": {
      "0": 0,
      "2": 0,
      "3": 0,
      "4": 0,
      "5": 0,
      "6": 0,
      "7": 0,
      "8": 0,
      "9": 0,
      "10": 0,
      "11": 0,
      "12": 0,
      "13": 0,
      "14": 0,
      "15": 0,
      "16": 0,
      "17": 0,
      "18": 0,
      "19": 0,
      "20": 0,
      "21": 0,
      "22": 0,
      "23": 0,
      "24": 0,
      "25": 0,
      "26": 0
    },
    "branchMap": {
      "0": {
        "type": "branch",
        "line": 1,
        "loc": {
          "start": { "line": 1, "column": 628 },
          "end": { "line": 27, "column": 3 }
        },
        "locations": [
          {
            "start": { "line": 1, "column": 628 },
            "end": { "line": 27, "column": 3 }
          }
        ]
      }
    },
    "b": { "0": [0] },
    "fnMap": {
      "0": {
        "name": "(empty-report)",
        "decl": {
          "start": { "line": 1, "column": 628 },
          "end": { "line": 27, "column": 3 }
        },
        "loc": {
          "start": { "line": 1, "column": 628 },
          "end": { "line": 27, "column": 3 }
        },
        "line": 1
      }
    },
    "f": { "0": 0 }
  },
  "/Users/igormorenosemedo/Documents/Dev/kiln/mintlayer/apps/nft-dapp/src/App.tsx": {
    "path": "/Users/igormorenosemedo/Documents/Dev/kiln/mintlayer/apps/nft-dapp/src/App.tsx",
    "all": false,
    "statementMap": {
      "0": {
        "start": { "line": 1, "column": 0 },
        "end": { "line": 1, "column": 74 }
      },
      "1": {
        "start": { "line": 2, "column": 0 },
        "end": { "line": 2, "column": 53 }
      },
      "2": {
        "start": { "line": 3, "column": 0 },
        "end": { "line": 3, "column": 46 }
      },
      "3": {
        "start": { "line": 4, "column": 0 },
        "end": { "line": 4, "column": 57 }
      },
      "5": {
        "start": { "line": 6, "column": 0 },
        "end": { "line": 6, "column": 16 }
      },
      "6": {
        "start": { "line": 7, "column": 0 },
        "end": { "line": 7, "column": 10 }
      },
      "7": {
        "start": { "line": 8, "column": 0 },
        "end": { "line": 8, "column": 12 }
      },
      "8": {
        "start": { "line": 9, "column": 0 },
        "end": { "line": 9, "column": 87 }
      },
      "9": {
        "start": { "line": 10, "column": 0 },
        "end": { "line": 10, "column": 18 }
      },
      "10": {
        "start": { "line": 11, "column": 0 },
        "end": { "line": 11, "column": 33 }
      },
      "11": {
        "start": { "line": 12, "column": 0 },
        "end": { "line": 12, "column": 18 }
      },
      "12": {
        "start": { "line": 13, "column": 0 },
        "end": { "line": 13, "column": 55 }
      },
      "13": {
        "start": { "line": 14, "column": 0 },
        "end": { "line": 14, "column": 67 }
      },
      "14": {
        "start": { "line": 15, "column": 0 },
        "end": { "line": 15, "column": 19 }
      },
      "15": {
        "start": { "line": 16, "column": 0 },
        "end": { "line": 16, "column": 15 }
      },
      "16": {
        "start": { "line": 17, "column": 0 },
        "end": { "line": 17, "column": 18 }
      },
      "17": {
        "start": { "line": 18, "column": 0 },
        "end": { "line": 18, "column": 12 }
      },
      "18": {
        "start": { "line": 19, "column": 0 },
        "end": { "line": 19, "column": 13 }
      },
      "20": {
        "start": { "line": 21, "column": 0 },
        "end": { "line": 21, "column": 1 }
      },
      "22": {
        "start": { "line": 23, "column": 0 },
        "end": { "line": 23, "column": 19 }
      }
    },
    "s": {
      "0": 1,
      "1": 1,
      "2": 1,
      "3": 1,
      "5": 3,
      "6": 3,
      "7": 3,
      "8": 3,
      "9": 3,
      "10": 3,
      "11": 3,
      "12": 3,
      "13": 3,
      "14": 3,
      "15": 3,
      "16": 3,
      "17": 3,
      "18": 3,
      "20": 3,
      "22": 1
    },
    "branchMap": {
      "0": {
        "type": "branch",
        "line": 6,
        "loc": {
          "start": { "line": 6, "column": 0 },
          "end": { "line": 21, "column": 1 }
        },
        "locations": [
          {
            "start": { "line": 6, "column": 0 },
            "end": { "line": 21, "column": 1 }
          }
        ]
      }
    },
    "b": { "0": [3] },
    "fnMap": {
      "0": {
        "name": "App",
        "decl": {
          "start": { "line": 6, "column": 0 },
          "end": { "line": 21, "column": 1 }
        },
        "loc": {
          "start": { "line": 6, "column": 0 },
          "end": { "line": 21, "column": 1 }
        },
        "line": 6
      }
    },
    "f": { "0": 3 }
  },
  "/Users/igormorenosemedo/Documents/Dev/kiln/mintlayer/apps/nft-dapp/src/main.tsx": {
    "path": "/Users/igormorenosemedo/Documents/Dev/kiln/mintlayer/apps/nft-dapp/src/main.tsx",
    "all": true,
    "statementMap": {
      "0": {
        "start": { "line": 1, "column": 0 },
        "end": { "line": 1, "column": 35 }
      },
      "1": {
        "start": { "line": 2, "column": 0 },
        "end": { "line": 2, "column": 46 }
      },
      "2": {
        "start": { "line": 3, "column": 0 },
        "end": { "line": 3, "column": 21 }
      },
      "3": {
        "start": { "line": 4, "column": 0 },
        "end": { "line": 4, "column": 28 }
      },
      "4": {
        "start": { "line": 5, "column": 0 },
        "end": { "line": 5, "column": 73 }
      },
      "5": {
        "start": { "line": 6, "column": 0 },
        "end": { "line": 6, "column": 38 }
      },
      "6": {
        "start": { "line": 7, "column": 0 },
        "end": { "line": 7, "column": 60 }
      },
      "7": {
        "start": { "line": 8, "column": 0 },
        "end": { "line": 8, "column": 43 }
      },
      "8": {
        "start": { "line": 9, "column": 0 },
        "end": { "line": 9, "column": 40 }
      },
      "9": {
        "start": { "line": 10, "column": 0 },
        "end": { "line": 10, "column": 42 }
      },
      "10": {
        "start": { "line": 11, "column": 0 },
        "end": { "line": 11, "column": 50 }
      },
      "12": {
        "start": { "line": 13, "column": 0 },
        "end": { "line": 13, "column": 38 }
      },
      "14": {
        "start": { "line": 15, "column": 0 },
        "end": { "line": 15, "column": 52 }
      },
      "15": {
        "start": { "line": 16, "column": 0 },
        "end": { "line": 16, "column": 14 }
      },
      "16": {
        "start": { "line": 17, "column": 0 },
        "end": { "line": 17, "column": 35 }
      },
      "17": {
        "start": { "line": 18, "column": 0 },
        "end": { "line": 18, "column": 48 }
      },
      "18": {
        "start": { "line": 19, "column": 0 },
        "end": { "line": 19, "column": 28 }
      },
      "19": {
        "start": { "line": 20, "column": 0 },
        "end": { "line": 20, "column": 17 }
      },
      "20": {
        "start": { "line": 21, "column": 0 },
        "end": { "line": 21, "column": 19 }
      },
      "21": {
        "start": { "line": 22, "column": 0 },
        "end": { "line": 22, "column": 44 }
      },
      "22": {
        "start": { "line": 23, "column": 0 },
        "end": { "line": 23, "column": 27 }
      },
      "23": {
        "start": { "line": 24, "column": 0 },
        "end": { "line": 24, "column": 46 }
      },
      "24": {
        "start": { "line": 25, "column": 0 },
        "end": { "line": 25, "column": 22 }
      },
      "25": {
        "start": { "line": 26, "column": 0 },
        "end": { "line": 26, "column": 38 }
      },
      "26": {
        "start": { "line": 27, "column": 0 },
        "end": { "line": 27, "column": 30 }
      },
      "27": {
        "start": { "line": 28, "column": 0 },
        "end": { "line": 28, "column": 16 }
      },
      "28": {
        "start": { "line": 29, "column": 0 },
        "end": { "line": 29, "column": 24 }
      },
      "29": {
        "start": { "line": 30, "column": 0 },
        "end": { "line": 30, "column": 48 }
      },
      "30": {
        "start": { "line": 31, "column": 0 },
        "end": { "line": 31, "column": 28 }
      },
      "31": {
        "start": { "line": 32, "column": 0 },
        "end": { "line": 32, "column": 37 }
      },
      "32": {
        "start": { "line": 33, "column": 0 },
        "end": { "line": 33, "column": 36 }
      },
      "33": {
        "start": { "line": 34, "column": 0 },
        "end": { "line": 34, "column": 18 }
      },
      "34": {
        "start": { "line": 35, "column": 0 },
        "end": { "line": 35, "column": 16 }
      },
      "35": {
        "start": { "line": 36, "column": 0 },
        "end": { "line": 36, "column": 22 }
      },
      "36": {
        "start": { "line": 37, "column": 0 },
        "end": { "line": 37, "column": 48 }
      },
      "37": {
        "start": { "line": 38, "column": 0 },
        "end": { "line": 38, "column": 28 }
      },
      "38": {
        "start": { "line": 39, "column": 0 },
        "end": { "line": 39, "column": 37 }
      },
      "39": {
        "start": { "line": 40, "column": 0 },
        "end": { "line": 40, "column": 36 }
      },
      "40": {
        "start": { "line": 41, "column": 0 },
        "end": { "line": 41, "column": 18 }
      },
      "41": {
        "start": { "line": 42, "column": 0 },
        "end": { "line": 42, "column": 16 }
      },
      "42": {
        "start": { "line": 43, "column": 0 },
        "end": { "line": 43, "column": 14 }
      },
      "43": {
        "start": { "line": 44, "column": 0 },
        "end": { "line": 44, "column": 12 }
      },
      "44": {
        "start": { "line": 45, "column": 0 },
        "end": { "line": 45, "column": 29 }
      },
      "45": {
        "start": { "line": 46, "column": 0 },
        "end": { "line": 46, "column": 28 }
      },
      "46": {
        "start": { "line": 47, "column": 0 },
        "end": { "line": 47, "column": 20 }
      },
      "47": {
        "start": { "line": 48, "column": 0 },
        "end": { "line": 48, "column": 15 }
      },
      "48": {
        "start": { "line": 49, "column": 0 },
        "end": { "line": 49, "column": 2 }
      }
    },
    "s": {
      "0": 0,
      "1": 0,
      "2": 0,
      "3": 0,
      "4": 0,
      "5": 0,
      "6": 0,
      "7": 0,
      "8": 0,
      "9": 0,
      "10": 0,
      "12": 0,
      "14": 0,
      "15": 0,
      "16": 0,
      "17": 0,
      "18": 0,
      "19": 0,
      "20": 0,
      "21": 0,
      "22": 0,
      "23": 0,
      "24": 0,
      "25": 0,
      "26": 0,
      "27": 0,
      "28": 0,
      "29": 0,
      "30": 0,
      "31": 0,
      "32": 0,
      "33": 0,
      "34": 0,
      "35": 0,
      "36": 0,
      "37": 0,
      "38": 0,
      "39": 0,
      "40": 0,
      "41": 0,
      "42": 0,
      "43": 0,
      "44": 0,
      "45": 0,
      "46": 0,
      "47": 0,
      "48": 0
    },
    "branchMap": {
      "0": {
        "type": "branch",
        "line": 1,
        "loc": {
          "start": { "line": 1, "column": 720 },
          "end": { "line": 49, "column": -1034 }
        },
        "locations": [
          {
            "start": { "line": 1, "column": 720 },
            "end": { "line": 49, "column": -1034 }
          }
        ]
      }
    },
    "b": { "0": [0] },
    "fnMap": {
      "0": {
        "name": "(empty-report)",
        "decl": {
          "start": { "line": 1, "column": 720 },
          "end": { "line": 49, "column": -1034 }
        },
        "loc": {
          "start": { "line": 1, "column": 720 },
          "end": { "line": 49, "column": -1034 }
        },
        "line": 1
      }
    },
    "f": { "0": 0 }
  },
  "/Users/igormorenosemedo/Documents/Dev/kiln/mintlayer/apps/nft-dapp/src/components/layout/Footer.tsx": {
    "path": "/Users/igormorenosemedo/Documents/Dev/kiln/mintlayer/apps/nft-dapp/src/components/layout/Footer.tsx",
    "all": false,
    "statementMap": {
      "0": {
        "start": { "line": 1, "column": 0 },
        "end": { "line": 1, "column": 26 }
      },
      "6": {
        "start": { "line": 7, "column": 0 },
        "end": { "line": 7, "column": 39 }
      },
      "7": {
        "start": { "line": 8, "column": 0 },
        "end": { "line": 8, "column": 10 }
      },
      "8": {
        "start": { "line": 9, "column": 0 },
        "end": { "line": 9, "column": 55 }
      },
      "9": {
        "start": { "line": 10, "column": 0 },
        "end": { "line": 10, "column": 54 }
      },
      "10": {
        "start": { "line": 11, "column": 0 },
        "end": { "line": 11, "column": 55 }
      },
      "11": {
        "start": { "line": 12, "column": 0 },
        "end": { "line": 12, "column": 37 }
      },
      "12": {
        "start": { "line": 13, "column": 0 },
        "end": { "line": 13, "column": 47 }
      },
      "13": {
        "start": { "line": 14, "column": 0 },
        "end": { "line": 14, "column": 14 }
      },
      "14": {
        "start": { "line": 15, "column": 0 },
        "end": { "line": 15, "column": 12 }
      },
      "15": {
        "start": { "line": 16, "column": 0 },
        "end": { "line": 16, "column": 13 }
      },
      "17": {
        "start": { "line": 18, "column": 0 },
        "end": { "line": 18, "column": 2 }
      }
    },
    "s": {
      "0": 1,
      "6": 1,
      "7": 3,
      "8": 3,
      "9": 3,
      "10": 3,
      "11": 3,
      "12": 3,
      "13": 3,
      "14": 3,
      "15": 3,
      "17": 3
    },
    "branchMap": {
      "0": {
        "type": "branch",
        "line": 7,
        "loc": {
          "start": { "line": 7, "column": 32 },
          "end": { "line": 18, "column": 2 }
        },
        "locations": [
          {
            "start": { "line": 7, "column": 32 },
            "end": { "line": 18, "column": 2 }
          }
        ]
      }
    },
    "b": { "0": [3] },
    "fnMap": {
      "0": {
        "name": "Footer",
        "decl": {
          "start": { "line": 7, "column": 32 },
          "end": { "line": 18, "column": 2 }
        },
        "loc": {
          "start": { "line": 7, "column": 32 },
          "end": { "line": 18, "column": 2 }
        },
        "line": 7
      }
    },
    "f": { "0": 3 }
  },
  "/Users/igormorenosemedo/Documents/Dev/kiln/mintlayer/apps/nft-dapp/src/components/layout/Header.tsx": {
    "path": "/Users/igormorenosemedo/Documents/Dev/kiln/mintlayer/apps/nft-dapp/src/components/layout/Header.tsx",
    "all": false,
    "statementMap": {
      "0": {
        "start": { "line": 1, "column": 0 },
        "end": { "line": 1, "column": 55 }
      },
      "1": {
        "start": { "line": 2, "column": 0 },
        "end": { "line": 2, "column": 48 }
      },
      "3": {
        "start": { "line": 4, "column": 0 },
        "end": { "line": 4, "column": 30 }
      },
      "4": {
        "start": { "line": 5, "column": 0 },
        "end": { "line": 5, "column": 10 }
      },
      "5": {
        "start": { "line": 6, "column": 0 },
        "end": { "line": 6, "column": 139 }
      },
      "6": {
        "start": { "line": 7, "column": 0 },
        "end": { "line": 7, "column": 41 }
      },
      "7": {
        "start": { "line": 8, "column": 0 },
        "end": { "line": 8, "column": 63 }
      },
      "8": {
        "start": { "line": 9, "column": 0 },
        "end": { "line": 9, "column": 45 }
      },
      "9": {
        "start": { "line": 10, "column": 0 },
        "end": { "line": 10, "column": 16 }
      },
      "10": {
        "start": { "line": 11, "column": 0 },
        "end": { "line": 11, "column": 34 }
      },
      "11": {
        "start": { "line": 12, "column": 0 },
        "end": { "line": 12, "column": 24 }
      },
      "12": {
        "start": { "line": 13, "column": 0 },
        "end": { "line": 13, "column": 59 }
      },
      "13": {
        "start": { "line": 14, "column": 0 },
        "end": { "line": 14, "column": 26 }
      },
      "14": {
        "start": { "line": 15, "column": 0 },
        "end": { "line": 15, "column": 25 }
      },
      "15": {
        "start": { "line": 16, "column": 0 },
        "end": { "line": 16, "column": 14 }
      },
      "16": {
        "start": { "line": 17, "column": 0 },
        "end": { "line": 17, "column": 16 }
      },
      "18": {
        "start": { "line": 19, "column": 0 },
        "end": { "line": 19, "column": 45 }
      },
      "19": {
        "start": { "line": 20, "column": 0 },
        "end": { "line": 20, "column": 34 }
      },
      "20": {
        "start": { "line": 21, "column": 0 },
        "end": { "line": 21, "column": 17 }
      },
      "21": {
        "start": { "line": 22, "column": 0 },
        "end": { "line": 22, "column": 24 }
      },
      "22": {
        "start": { "line": 23, "column": 0 },
        "end": { "line": 23, "column": 22 }
      },
      "23": {
        "start": { "line": 24, "column": 0 },
        "end": { "line": 24, "column": 33 }
      },
      "24": {
        "start": { "line": 25, "column": 0 },
        "end": { "line": 25, "column": 31 }
      },
      "25": {
        "start": { "line": 26, "column": 0 },
        "end": { "line": 26, "column": 33 }
      },
      "26": {
        "start": { "line": 27, "column": 0 },
        "end": { "line": 27, "column": 37 }
      },
      "27": {
        "start": { "line": 28, "column": 0 },
        "end": { "line": 28, "column": 24 }
      },
      "28": {
        "start": { "line": 29, "column": 0 },
        "end": { "line": 29, "column": 21 }
      },
      "29": {
        "start": { "line": 30, "column": 0 },
        "end": { "line": 30, "column": 76 }
      },
      "30": {
        "start": { "line": 31, "column": 0 },
        "end": { "line": 31, "column": 33 }
      },
      "31": {
        "start": { "line": 32, "column": 0 },
        "end": { "line": 32, "column": 26 }
      },
      "32": {
        "start": { "line": 33, "column": 0 },
        "end": { "line": 33, "column": 28 }
      },
      "33": {
        "start": { "line": 34, "column": 0 },
        "end": { "line": 34, "column": 26 }
      },
      "34": {
        "start": { "line": 35, "column": 0 },
        "end": { "line": 35, "column": 43 }
      },
      "35": {
        "start": { "line": 36, "column": 0 },
        "end": { "line": 36, "column": 62 }
      },
      "37": {
        "start": { "line": 38, "column": 0 },
        "end": { "line": 38, "column": 24 }
      },
      "38": {
        "start": { "line": 39, "column": 0 },
        "end": { "line": 39, "column": 22 }
      },
      "39": {
        "start": { "line": 40, "column": 0 },
        "end": { "line": 40, "column": 36 }
      },
      "40": {
        "start": { "line": 41, "column": 0 },
        "end": { "line": 41, "column": 42 }
      },
      "41": {
        "start": { "line": 42, "column": 0 },
        "end": { "line": 42, "column": 30 }
      },
      "42": {
        "start": { "line": 43, "column": 0 },
        "end": { "line": 43, "column": 35 }
      },
      "43": {
        "start": { "line": 44, "column": 0 },
        "end": { "line": 44, "column": 46 }
      },
      "44": {
        "start": { "line": 45, "column": 0 },
        "end": { "line": 45, "column": 43 }
      },
      "45": {
        "start": { "line": 46, "column": 0 },
        "end": { "line": 46, "column": 24 }
      },
      "46": {
        "start": { "line": 47, "column": 0 },
        "end": { "line": 47, "column": 23 }
      },
      "48": {
        "start": { "line": 49, "column": 0 },
        "end": { "line": 49, "column": 29 }
      },
      "49": {
        "start": { "line": 50, "column": 0 },
        "end": { "line": 50, "column": 39 }
      },
      "50": {
        "start": { "line": 51, "column": 0 },
        "end": { "line": 51, "column": 32 }
      },
      "51": {
        "start": { "line": 52, "column": 0 },
        "end": { "line": 52, "column": 33 }
      },
      "52": {
        "start": { "line": 53, "column": 0 },
        "end": { "line": 53, "column": 54 }
      },
      "53": {
        "start": { "line": 54, "column": 0 },
        "end": { "line": 54, "column": 45 }
      },
      "54": {
        "start": { "line": 55, "column": 0 },
        "end": { "line": 55, "column": 37 }
      },
      "55": {
        "start": { "line": 56, "column": 0 },
        "end": { "line": 56, "column": 53 }
      },
      "56": {
        "start": { "line": 57, "column": 0 },
        "end": { "line": 57, "column": 27 }
      },
      "58": {
        "start": { "line": 59, "column": 0 },
        "end": { "line": 59, "column": 35 }
      },
      "60": {
        "start": { "line": 61, "column": 0 },
        "end": { "line": 61, "column": 23 }
      },
      "62": {
        "start": { "line": 63, "column": 0 },
        "end": { "line": 63, "column": 46 }
      },
      "63": {
        "start": { "line": 64, "column": 0 },
        "end": { "line": 64, "column": 32 }
      },
      "64": {
        "start": { "line": 65, "column": 0 },
        "end": { "line": 65, "column": 33 }
      },
      "65": {
        "start": { "line": 66, "column": 0 },
        "end": { "line": 66, "column": 52 }
      },
      "66": {
        "start": { "line": 67, "column": 0 },
        "end": { "line": 67, "column": 45 }
      },
      "67": {
        "start": { "line": 68, "column": 0 },
        "end": { "line": 68, "column": 37 }
      },
      "68": {
        "start": { "line": 69, "column": 0 },
        "end": { "line": 69, "column": 53 }
      },
      "69": {
        "start": { "line": 70, "column": 0 },
        "end": { "line": 70, "column": 27 }
      },
      "71": {
        "start": { "line": 72, "column": 0 },
        "end": { "line": 72, "column": 35 }
      },
      "73": {
        "start": { "line": 74, "column": 0 },
        "end": { "line": 74, "column": 23 }
      },
      "75": {
        "start": { "line": 76, "column": 0 },
        "end": { "line": 76, "column": 30 }
      },
      "76": {
        "start": { "line": 77, "column": 0 },
        "end": { "line": 77, "column": 74 }
      },
      "77": {
        "start": { "line": 78, "column": 0 },
        "end": { "line": 78, "column": 33 }
      },
      "78": {
        "start": { "line": 79, "column": 0 },
        "end": { "line": 79, "column": 52 }
      },
      "79": {
        "start": { "line": 80, "column": 0 },
        "end": { "line": 80, "column": 47 }
      },
      "80": {
        "start": { "line": 81, "column": 0 },
        "end": { "line": 81, "column": 37 }
      },
      "81": {
        "start": { "line": 82, "column": 0 },
        "end": { "line": 82, "column": 74 }
      },
      "83": {
        "start": { "line": 84, "column": 0 },
        "end": { "line": 84, "column": 47 }
      },
      "84": {
        "start": { "line": 85, "column": 0 },
        "end": { "line": 85, "column": 34 }
      },
      "85": {
        "start": { "line": 86, "column": 0 },
        "end": { "line": 86, "column": 80 }
      },
      "86": {
        "start": { "line": 87, "column": 0 },
        "end": { "line": 87, "column": 40 }
      },
      "87": {
        "start": { "line": 88, "column": 0 },
        "end": { "line": 88, "column": 67 }
      },
      "88": {
        "start": { "line": 89, "column": 0 },
        "end": { "line": 89, "column": 34 }
      },
      "90": {
        "start": { "line": 91, "column": 0 },
        "end": { "line": 91, "column": 51 }
      },
      "91": {
        "start": { "line": 92, "column": 0 },
        "end": { "line": 92, "column": 38 }
      },
      "92": {
        "start": { "line": 93, "column": 0 },
        "end": { "line": 93, "column": 68 }
      },
      "93": {
        "start": { "line": 94, "column": 0 },
        "end": { "line": 94, "column": 55 }
      },
      "94": {
        "start": { "line": 95, "column": 0 },
        "end": { "line": 95, "column": 55 }
      },
      "95": {
        "start": { "line": 96, "column": 0 },
        "end": { "line": 96, "column": 36 }
      },
      "97": {
        "start": { "line": 98, "column": 0 },
        "end": { "line": 98, "column": 36 }
      },
      "99": {
        "start": { "line": 100, "column": 0 },
        "end": { "line": 100, "column": 63 }
      },
      "100": {
        "start": { "line": 101, "column": 0 },
        "end": { "line": 101, "column": 42 }
      },
      "101": {
        "start": { "line": 102, "column": 0 },
        "end": { "line": 102, "column": 35 }
      },
      "102": {
        "start": { "line": 103, "column": 0 },
        "end": { "line": 103, "column": 35 }
      },
      "105": {
        "start": { "line": 106, "column": 0 },
        "end": { "line": 106, "column": 33 }
      },
      "106": {
        "start": { "line": 107, "column": 0 },
        "end": { "line": 107, "column": 54 }
      },
      "107": {
        "start": { "line": 108, "column": 0 },
        "end": { "line": 108, "column": 45 }
      },
      "108": {
        "start": { "line": 109, "column": 0 },
        "end": { "line": 109, "column": 37 }
      },
      "109": {
        "start": { "line": 110, "column": 0 },
        "end": { "line": 110, "column": 70 }
      },
      "111": {
        "start": { "line": 112, "column": 0 },
        "end": { "line": 112, "column": 76 }
      },
      "112": {
        "start": { "line": 113, "column": 0 },
        "end": { "line": 113, "column": 51 }
      },
      "113": {
        "start": { "line": 114, "column": 0 },
        "end": { "line": 114, "column": 53 }
      },
      "114": {
        "start": { "line": 115, "column": 0 },
        "end": { "line": 115, "column": 64 }
      },
      "115": {
        "start": { "line": 116, "column": 0 },
        "end": { "line": 116, "column": 37 }
      },
      "116": {
        "start": { "line": 117, "column": 0 },
        "end": { "line": 117, "column": 35 }
      },
      "117": {
        "start": { "line": 118, "column": 0 },
        "end": { "line": 118, "column": 35 }
      },
      "118": {
        "start": { "line": 119, "column": 0 },
        "end": { "line": 119, "column": 30 }
      },
      "120": {
        "start": { "line": 121, "column": 0 },
        "end": { "line": 121, "column": 25 }
      },
      "121": {
        "start": { "line": 122, "column": 0 },
        "end": { "line": 122, "column": 24 }
      },
      "123": {
        "start": { "line": 124, "column": 0 },
        "end": { "line": 124, "column": 16 }
      },
      "124": {
        "start": { "line": 125, "column": 0 },
        "end": { "line": 125, "column": 35 }
      },
      "125": {
        "start": { "line": 126, "column": 0 },
        "end": { "line": 126, "column": 16 }
      },
      "126": {
        "start": { "line": 127, "column": 0 },
        "end": { "line": 127, "column": 14 }
      },
      "127": {
        "start": { "line": 128, "column": 0 },
        "end": { "line": 128, "column": 12 }
      },
      "128": {
        "start": { "line": 129, "column": 0 },
        "end": { "line": 129, "column": 13 }
      },
      "130": {
        "start": { "line": 131, "column": 0 },
        "end": { "line": 131, "column": 2 }
      }
    },
    "s": {
      "0": 1,
      "1": 1,
      "3": 1,
      "4": 10,
      "5": 10,
      "6": 10,
      "7": 10,
      "8": 10,
      "9": 10,
      "10": 10,
      "11": 10,
      "12": 10,
      "13": 10,
      "14": 10,
      "15": 10,
      "16": 10,
      "18": 10,
      "19": 10,
      "20": 10,
      "21": 7,
      "22": 7,
      "23": 7,
      "24": 7,
      "25": 7,
      "26": 7,
      "27": 7,
      "28": 7,
      "29": 7,
      "30": 7,
      "31": 7,
      "32": 7,
      "33": 7,
      "34": 7,
      "35": 7,
      "37": 7,
      "38": 7,
      "39": 7,
      "40": 0,
      "41": 0,
      "42": 0,
      "43": 0,
      "44": 0,
      "45": 0,
      "46": 0,
      "48": 7,
      "49": 7,
      "50": 0,
      "51": 0,
      "52": 0,
      "53": 0,
      "54": 0,
      "55": 0,
      "56": 0,
      "58": 0,
      "60": 0,
      "62": 7,
      "63": 0,
      "64": 0,
      "65": 0,
      "66": 0,
      "67": 0,
      "68": 0,
      "69": 0,
      "71": 0,
      "73": 0,
      "75": 7,
      "76": 7,
      "77": 7,
      "78": 7,
      "79": 7,
      "80": 7,
      "81": 7,
      "83": 7,
      "84": 7,
      "85": 7,
      "86": 7,
      "87": 7,
      "88": 7,
      "90": 7,
      "91": 7,
      "92": 7,
      "93": 7,
      "94": 7,
      "95": 7,
      "97": 7,
      "99": 7,
      "100": 7,
      "101": 7,
      "102": 7,
      "105": 7,
      "106": 7,
      "107": 7,
      "108": 7,
      "109": 7,
      "111": 7,
      "112": 7,
      "113": 7,
      "114": 7,
      "115": 0,
      "116": 7,
      "117": 7,
      "118": 7,
      "120": 7,
      "121": 7,
      "123": 7,
      "124": 10,
      "125": 10,
      "126": 10,
      "127": 10,
      "128": 10,
      "130": 10
    },
    "branchMap": {
      "0": {
        "type": "branch",
        "line": 4,
        "loc": {
          "start": { "line": 4, "column": 23 },
          "end": { "line": 131, "column": 2 }
        },
        "locations": [
          {
            "start": { "line": 4, "column": 23 },
            "end": { "line": 131, "column": 2 }
          }
        ]
      },
      "1": {
        "type": "branch",
        "line": 21,
        "loc": {
          "start": { "line": 21, "column": 15 },
          "end": { "line": 124, "column": 16 }
        },
        "locations": [
          {
            "start": { "line": 21, "column": 15 },
            "end": { "line": 124, "column": 16 }
          }
        ]
      },
      "2": {
        "type": "branch",
        "line": 40,
        "loc": {
          "start": { "line": 40, "column": 26 },
          "end": { "line": 47, "column": 23 }
        },
        "locations": [
          {
            "start": { "line": 40, "column": 26 },
            "end": { "line": 47, "column": 23 }
          }
        ]
      },
      "3": {
        "type": "branch",
        "line": 49,
        "loc": {
          "start": { "line": 49, "column": 22 },
          "end": { "line": 121, "column": 23 }
        },
        "locations": [
          {
            "start": { "line": 49, "column": 22 },
            "end": { "line": 121, "column": 23 }
          }
        ]
      },
      "4": {
        "type": "branch",
        "line": 50,
        "loc": {
          "start": { "line": 50, "column": 38 },
          "end": { "line": 61, "column": 23 }
        },
        "locations": [
          {
            "start": { "line": 50, "column": 38 },
            "end": { "line": 61, "column": 23 }
          }
        ]
      },
      "5": {
        "type": "branch",
        "line": 63,
        "loc": {
          "start": { "line": 63, "column": 45 },
          "end": { "line": 74, "column": 23 }
        },
        "locations": [
          {
            "start": { "line": 63, "column": 45 },
            "end": { "line": 74, "column": 23 }
          }
        ]
      },
      "6": {
        "type": "branch",
        "line": 93,
        "loc": {
          "start": { "line": 93, "column": 47 },
          "end": { "line": 93, "column": 68 }
        },
        "locations": [
          {
            "start": { "line": 93, "column": 47 },
            "end": { "line": 93, "column": 68 }
          }
        ]
      },
      "7": {
        "type": "branch",
        "line": 115,
        "loc": {
          "start": { "line": 115, "column": 61 },
          "end": { "line": 116, "column": 37 }
        },
        "locations": [
          {
            "start": { "line": 115, "column": 61 },
            "end": { "line": 116, "column": 37 }
          }
        ]
      }
    },
    "b": {
      "0": [10],
      "1": [7],
      "2": [0],
      "3": [7],
      "4": [0],
      "5": [0],
      "6": [0],
      "7": [0]
    },
    "fnMap": {
      "0": {
        "name": "Header",
        "decl": {
          "start": { "line": 4, "column": 23 },
          "end": { "line": 131, "column": 2 }
        },
        "loc": {
          "start": { "line": 4, "column": 23 },
          "end": { "line": 131, "column": 2 }
        },
        "line": 4
      },
      "1": {
        "name": "children",
        "decl": {
          "start": { "line": 21, "column": 15 },
          "end": { "line": 124, "column": 16 }
        },
        "loc": {
          "start": { "line": 21, "column": 15 },
          "end": { "line": 124, "column": 16 }
        },
        "line": 21
      }
    },
    "f": { "0": 10, "1": 7 }
  },
  "/Users/igormorenosemedo/Documents/Dev/kiln/mintlayer/apps/nft-dapp/src/components/layout/index.ts": {
    "path": "/Users/igormorenosemedo/Documents/Dev/kiln/mintlayer/apps/nft-dapp/src/components/layout/index.ts",
    "all": false,
    "statementMap": {
      "0": {
        "start": { "line": 1, "column": 0 },
        "end": { "line": 1, "column": 34 }
      },
      "1": {
        "start": { "line": 2, "column": 0 },
        "end": { "line": 2, "column": 34 }
      }
    },
    "s": { "0": 1, "1": 1 },
    "branchMap": {},
    "b": {},
    "fnMap": {},
    "f": {}
  },
  "/Users/igormorenosemedo/Documents/Dev/kiln/mintlayer/apps/nft-dapp/src/components/nft/KilnCard.tsx": {
    "path": "/Users/igormorenosemedo/Documents/Dev/kiln/mintlayer/apps/nft-dapp/src/components/nft/KilnCard.tsx",
    "all": false,
    "statementMap": {
      "0": {
        "start": { "line": 1, "column": 0 },
        "end": { "line": 1, "column": 26 }
      },
      "1": {
        "start": { "line": 2, "column": 0 },
        "end": { "line": 2, "column": 69 }
      },
      "6": {
        "start": { "line": 7, "column": 0 },
        "end": { "line": 7, "column": 41 }
      },
      "7": {
        "start": { "line": 8, "column": 0 },
        "end": { "line": 8, "column": 10 }
      },
      "8": {
        "start": { "line": 9, "column": 0 },
        "end": { "line": 9, "column": 74 }
      },
      "9": {
        "start": { "line": 10, "column": 0 },
        "end": { "line": 10, "column": 46 }
      },
      "10": {
        "start": { "line": 11, "column": 0 },
        "end": { "line": 11, "column": 39 }
      },
      "11": {
        "start": { "line": 12, "column": 0 },
        "end": { "line": 12, "column": 112 }
      },
      "12": {
        "start": { "line": 13, "column": 0 },
        "end": { "line": 13, "column": 16 }
      },
      "13": {
        "start": { "line": 14, "column": 0 },
        "end": { "line": 14, "column": 34 }
      },
      "14": {
        "start": { "line": 15, "column": 0 },
        "end": { "line": 15, "column": 24 }
      },
      "15": {
        "start": { "line": 16, "column": 0 },
        "end": { "line": 16, "column": 38 }
      },
      "16": {
        "start": { "line": 17, "column": 0 },
        "end": { "line": 17, "column": 24 }
      },
      "17": {
        "start": { "line": 18, "column": 0 },
        "end": { "line": 18, "column": 25 }
      },
      "18": {
        "start": { "line": 19, "column": 0 },
        "end": { "line": 19, "column": 14 }
      },
      "19": {
        "start": { "line": 20, "column": 0 },
        "end": { "line": 20, "column": 16 }
      },
      "20": {
        "start": { "line": 21, "column": 0 },
        "end": { "line": 21, "column": 15 }
      },
      "21": {
        "start": { "line": 22, "column": 0 },
        "end": { "line": 22, "column": 33 }
      },
      "22": {
        "start": { "line": 23, "column": 0 },
        "end": { "line": 23, "column": 27 }
      },
      "23": {
        "start": { "line": 24, "column": 0 },
        "end": { "line": 24, "column": 60 }
      },
      "24": {
        "start": { "line": 25, "column": 0 },
        "end": { "line": 25, "column": 12 }
      },
      "25": {
        "start": { "line": 26, "column": 0 },
        "end": { "line": 26, "column": 14 }
      },
      "26": {
        "start": { "line": 27, "column": 0 },
        "end": { "line": 27, "column": 13 }
      },
      "27": {
        "start": { "line": 28, "column": 0 },
        "end": { "line": 28, "column": 72 }
      },
      "28": {
        "start": { "line": 29, "column": 0 },
        "end": { "line": 29, "column": 71 }
      },
      "30": {
        "start": { "line": 31, "column": 0 },
        "end": { "line": 31, "column": 16 }
      },
      "31": {
        "start": { "line": 32, "column": 0 },
        "end": { "line": 32, "column": 14 }
      },
      "32": {
        "start": { "line": 33, "column": 0 },
        "end": { "line": 33, "column": 12 }
      },
      "34": {
        "start": { "line": 35, "column": 0 },
        "end": { "line": 35, "column": 62 }
      },
      "36": {
        "start": { "line": 37, "column": 0 },
        "end": { "line": 37, "column": 10 }
      },
      "38": {
        "start": { "line": 39, "column": 0 },
        "end": { "line": 39, "column": 62 }
      },
      "39": {
        "start": { "line": 40, "column": 0 },
        "end": { "line": 40, "column": 44 }
      },
      "40": {
        "start": { "line": 41, "column": 0 },
        "end": { "line": 41, "column": 13 }
      },
      "41": {
        "start": { "line": 42, "column": 0 },
        "end": { "line": 42, "column": 29 }
      },
      "42": {
        "start": { "line": 43, "column": 0 },
        "end": { "line": 43, "column": 30 }
      },
      "43": {
        "start": { "line": 44, "column": 0 },
        "end": { "line": 44, "column": 28 }
      },
      "44": {
        "start": { "line": 45, "column": 0 },
        "end": { "line": 45, "column": 37 }
      },
      "45": {
        "start": { "line": 46, "column": 0 },
        "end": { "line": 46, "column": 151 }
      },
      "47": {
        "start": { "line": 48, "column": 0 },
        "end": { "line": 48, "column": 80 }
      },
      "48": {
        "start": { "line": 49, "column": 0 },
        "end": { "line": 49, "column": 68 }
      },
      "49": {
        "start": { "line": 50, "column": 0 },
        "end": { "line": 50, "column": 14 }
      },
      "50": {
        "start": { "line": 51, "column": 0 },
        "end": { "line": 51, "column": 11 }
      },
      "51": {
        "start": { "line": 52, "column": 0 },
        "end": { "line": 52, "column": 12 }
      },
      "53": {
        "start": { "line": 54, "column": 0 },
        "end": { "line": 54, "column": 9 }
      },
      "54": {
        "start": { "line": 55, "column": 0 },
        "end": { "line": 55, "column": 32 }
      },
      "55": {
        "start": { "line": 56, "column": 0 },
        "end": { "line": 56, "column": 24 }
      },
      "56": {
        "start": { "line": 57, "column": 0 },
        "end": { "line": 57, "column": 33 }
      },
      "57": {
        "start": { "line": 58, "column": 0 },
        "end": { "line": 58, "column": 34 }
      },
      "59": {
        "start": { "line": 60, "column": 0 },
        "end": { "line": 60, "column": 159 }
      },
      "60": {
        "start": { "line": 61, "column": 0 },
        "end": { "line": 61, "column": 29 }
      },
      "61": {
        "start": { "line": 62, "column": 0 },
        "end": { "line": 62, "column": 14 }
      },
      "62": {
        "start": { "line": 63, "column": 0 },
        "end": { "line": 63, "column": 135 }
      },
      "63": {
        "start": { "line": 64, "column": 0 },
        "end": { "line": 64, "column": 73 }
      },
      "64": {
        "start": { "line": 65, "column": 0 },
        "end": { "line": 65, "column": 14 }
      },
      "65": {
        "start": { "line": 66, "column": 0 },
        "end": { "line": 66, "column": 10 }
      },
      "66": {
        "start": { "line": 67, "column": 0 },
        "end": { "line": 67, "column": 10 }
      },
      "68": {
        "start": { "line": 69, "column": 0 },
        "end": { "line": 69, "column": 2 }
      }
    },
    "s": {
      "0": 1,
      "1": 1,
      "6": 1,
      "7": 13,
      "8": 13,
      "9": 13,
      "10": 13,
      "11": 13,
      "12": 13,
      "13": 13,
      "14": 13,
      "15": 13,
      "16": 13,
      "17": 13,
      "18": 13,
      "19": 13,
      "20": 13,
      "21": 13,
      "22": 13,
      "23": 13,
      "24": 13,
      "25": 13,
      "26": 13,
      "27": 13,
      "28": 13,
      "30": 13,
      "31": 13,
      "32": 13,
      "34": 13,
      "36": 13,
      "38": 13,
      "39": 13,
      "40": 39,
      "41": 39,
      "42": 39,
      "43": 39,
      "44": 39,
      "45": 39,
      "47": 39,
      "48": 39,
      "49": 39,
      "50": 13,
      "51": 13,
      "53": 13,
      "54": 13,
      "55": 13,
      "56": 13,
      "57": 13,
      "59": 13,
      "60": 13,
      "61": 13,
      "62": 13,
      "63": 13,
      "64": 13,
      "65": 13,
      "66": 13,
      "68": 13
    },
    "branchMap": {
      "0": {
        "type": "branch",
        "line": 7,
        "loc": {
          "start": { "line": 7, "column": 34 },
          "end": { "line": 69, "column": 2 }
        },
        "locations": [
          {
            "start": { "line": 7, "column": 34 },
            "end": { "line": 69, "column": 2 }
          }
        ]
      },
      "1": {
        "type": "branch",
        "line": 40,
        "loc": {
          "start": { "line": 40, "column": 31 },
          "end": { "line": 50, "column": 14 }
        },
        "locations": [
          {
            "start": { "line": 40, "column": 31 },
            "end": { "line": 50, "column": 14 }
          }
        ]
      }
    },
    "b": { "0": [13], "1": [39] },
    "fnMap": {
      "0": {
        "name": "KilnCard",
        "decl": {
          "start": { "line": 7, "column": 34 },
          "end": { "line": 69, "column": 2 }
        },
        "loc": {
          "start": { "line": 7, "column": 34 },
          "end": { "line": 69, "column": 2 }
        },
        "line": 7
      }
    },
    "f": { "0": 13 }
  },
  "/Users/igormorenosemedo/Documents/Dev/kiln/mintlayer/apps/nft-dapp/src/components/nft/MoreCollection.tsx": {
    "path": "/Users/igormorenosemedo/Documents/Dev/kiln/mintlayer/apps/nft-dapp/src/components/nft/MoreCollection.tsx",
    "all": false,
    "statementMap": {
      "0": {
        "start": { "line": 1, "column": 0 },
        "end": { "line": 1, "column": 26 }
      },
      "1": {
        "start": { "line": 2, "column": 0 },
        "end": { "line": 2, "column": 47 }
      },
      "2": {
        "start": { "line": 3, "column": 0 },
        "end": { "line": 3, "column": 42 }
      },
      "3": {
        "start": { "line": 4, "column": 0 },
        "end": { "line": 4, "column": 41 }
      },
      "4": {
        "start": { "line": 5, "column": 0 },
        "end": { "line": 5, "column": 43 }
      },
      "15": {
        "start": { "line": 16, "column": 0 },
        "end": { "line": 16, "column": 63 }
      },
      "16": {
        "start": { "line": 17, "column": 0 },
        "end": { "line": 17, "column": 15 }
      },
      "17": {
        "start": { "line": 18, "column": 0 },
        "end": { "line": 18, "column": 15 }
      },
      "18": {
        "start": { "line": 19, "column": 0 },
        "end": { "line": 19, "column": 7 }
      },
      "19": {
        "start": { "line": 20, "column": 0 },
        "end": { "line": 20, "column": 33 }
      },
      "20": {
        "start": { "line": 21, "column": 0 },
        "end": { "line": 21, "column": 40 }
      },
      "23": {
        "start": { "line": 24, "column": 0 },
        "end": { "line": 24, "column": 21 }
      },
      "24": {
        "start": { "line": 25, "column": 0 },
        "end": { "line": 25, "column": 76 }
      },
      "27": {
        "start": { "line": 28, "column": 0 },
        "end": { "line": 28, "column": 45 }
      },
      "28": {
        "start": { "line": 29, "column": 0 },
        "end": { "line": 29, "column": 30 }
      },
      "29": {
        "start": { "line": 30, "column": 0 },
        "end": { "line": 30, "column": 4 }
      },
      "31": {
        "start": { "line": 32, "column": 0 },
        "end": { "line": 32, "column": 18 }
      },
      "32": {
        "start": { "line": 33, "column": 0 },
        "end": { "line": 33, "column": 12 }
      },
      "33": {
        "start": { "line": 34, "column": 0 },
        "end": { "line": 34, "column": 29 }
      },
      "34": {
        "start": { "line": 35, "column": 0 },
        "end": { "line": 35, "column": 72 }
      },
      "36": {
        "start": { "line": 37, "column": 0 },
        "end": { "line": 37, "column": 13 }
      },
      "37": {
        "start": { "line": 38, "column": 0 },
        "end": { "line": 38, "column": 45 }
      },
      "38": {
        "start": { "line": 39, "column": 0 },
        "end": { "line": 39, "column": 12 }
      },
      "40": {
        "start": { "line": 41, "column": 0 },
        "end": { "line": 41, "column": 3 }
      },
      "42": {
        "start": { "line": 43, "column": 0 },
        "end": { "line": 43, "column": 49 }
      },
      "43": {
        "start": { "line": 44, "column": 0 },
        "end": { "line": 44, "column": 16 }
      },
      "44": {
        "start": { "line": 45, "column": 0 },
        "end": { "line": 45, "column": 3 }
      },
      "46": {
        "start": { "line": 47, "column": 0 },
        "end": { "line": 47, "column": 10 }
      },
      "47": {
        "start": { "line": 48, "column": 0 },
        "end": { "line": 48, "column": 35 }
      },
      "48": {
        "start": { "line": 49, "column": 0 },
        "end": { "line": 49, "column": 70 }
      },
      "50": {
        "start": { "line": 51, "column": 0 },
        "end": { "line": 51, "column": 11 }
      },
      "51": {
        "start": { "line": 52, "column": 0 },
        "end": { "line": 52, "column": 61 }
      },
      "52": {
        "start": { "line": 53, "column": 0 },
        "end": { "line": 53, "column": 35 }
      },
      "53": {
        "start": { "line": 54, "column": 0 },
        "end": { "line": 54, "column": 14 }
      },
      "54": {
        "start": { "line": 55, "column": 0 },
        "end": { "line": 55, "column": 24 }
      },
      "55": {
        "start": { "line": 56, "column": 0 },
        "end": { "line": 56, "column": 50 }
      },
      "56": {
        "start": { "line": 57, "column": 0 },
        "end": { "line": 57, "column": 94 }
      },
      "58": {
        "start": { "line": 59, "column": 0 },
        "end": { "line": 59, "column": 84 }
      },
      "59": {
        "start": { "line": 60, "column": 0 },
        "end": { "line": 60, "column": 18 }
      },
      "60": {
        "start": { "line": 61, "column": 0 },
        "end": { "line": 61, "column": 53 }
      },
      "61": {
        "start": { "line": 62, "column": 0 },
        "end": { "line": 62, "column": 39 }
      },
      "62": {
        "start": { "line": 63, "column": 0 },
        "end": { "line": 63, "column": 110 }
      },
      "63": {
        "start": { "line": 64, "column": 0 },
        "end": { "line": 64, "column": 30 }
      },
      "64": {
        "start": { "line": 65, "column": 0 },
        "end": { "line": 65, "column": 16 }
      },
      "65": {
        "start": { "line": 66, "column": 0 },
        "end": { "line": 66, "column": 18 }
      },
      "66": {
        "start": { "line": 67, "column": 0 },
        "end": { "line": 67, "column": 39 }
      },
      "67": {
        "start": { "line": 68, "column": 0 },
        "end": { "line": 68, "column": 84 }
      },
      "68": {
        "start": { "line": 69, "column": 0 },
        "end": { "line": 69, "column": 35 }
      },
      "69": {
        "start": { "line": 70, "column": 0 },
        "end": { "line": 70, "column": 19 }
      },
      "70": {
        "start": { "line": 71, "column": 0 },
        "end": { "line": 71, "column": 66 }
      },
      "71": {
        "start": { "line": 72, "column": 0 },
        "end": { "line": 72, "column": 18 }
      },
      "72": {
        "start": { "line": 73, "column": 0 },
        "end": { "line": 73, "column": 16 }
      },
      "73": {
        "start": { "line": 74, "column": 0 },
        "end": { "line": 74, "column": 11 }
      },
      "74": {
        "start": { "line": 75, "column": 0 },
        "end": { "line": 75, "column": 12 }
      },
      "75": {
        "start": { "line": 76, "column": 0 },
        "end": { "line": 76, "column": 10 }
      },
      "77": {
        "start": { "line": 78, "column": 0 },
        "end": { "line": 78, "column": 2 }
      }
    },
    "s": {
      "0": 1,
      "1": 1,
      "2": 1,
      "3": 1,
      "4": 1,
      "15": 1,
      "16": 11,
      "17": 11,
      "18": 11,
      "19": 11,
      "20": 11,
      "23": 11,
      "24": 11,
      "27": 11,
      "28": 0,
      "29": 0,
      "31": 11,
      "32": 1,
      "33": 1,
      "34": 1,
      "36": 1,
      "37": 1,
      "38": 1,
      "40": 1,
      "42": 11,
      "43": 4,
      "44": 4,
      "46": 6,
      "47": 6,
      "48": 6,
      "50": 6,
      "51": 6,
      "52": 6,
      "53": 11,
      "54": 11,
      "55": 11,
      "56": 11,
      "58": 11,
      "59": 11,
      "60": 11,
      "61": 11,
      "62": 11,
      "63": 11,
      "64": 11,
      "65": 11,
      "66": 11,
      "67": 11,
      "68": 11,
      "69": 11,
      "70": 11,
      "71": 11,
      "72": 11,
      "73": 6,
      "74": 6,
      "75": 6,
      "77": 6
    },
    "branchMap": {
      "0": {
        "type": "branch",
        "line": 16,
        "loc": {
          "start": { "line": 16, "column": 61 },
          "end": { "line": 78, "column": 2 }
        },
        "locations": [
          {
            "start": { "line": 16, "column": 61 },
            "end": { "line": 78, "column": 2 }
          }
        ]
      },
      "1": {
        "type": "branch",
        "line": 25,
        "loc": {
          "start": { "line": 25, "column": 68 },
          "end": { "line": 25, "column": 76 }
        },
        "locations": [
          {
            "start": { "line": 25, "column": 68 },
            "end": { "line": 25, "column": 76 }
          }
        ]
      },
      "2": {
        "type": "branch",
        "line": 32,
        "loc": {
          "start": { "line": 32, "column": 17 },
          "end": { "line": 41, "column": 3 }
        },
        "locations": [
          {
            "start": { "line": 32, "column": 17 },
            "end": { "line": 41, "column": 3 }
          }
        ]
      },
      "3": {
        "type": "branch",
        "line": 41,
        "loc": {
          "start": { "line": 41, "column": 2 },
          "end": { "line": 43, "column": 48 }
        },
        "locations": [
          {
            "start": { "line": 41, "column": 2 },
            "end": { "line": 43, "column": 48 }
          }
        ]
      },
      "4": {
        "type": "branch",
        "line": 43,
        "loc": {
          "start": { "line": 43, "column": 48 },
          "end": { "line": 45, "column": 3 }
        },
        "locations": [
          {
            "start": { "line": 43, "column": 48 },
            "end": { "line": 45, "column": 3 }
          }
        ]
      },
      "5": {
        "type": "branch",
        "line": 45,
        "loc": {
          "start": { "line": 45, "column": 2 },
          "end": { "line": 78, "column": 2 }
        },
        "locations": [
          {
            "start": { "line": 45, "column": 2 },
            "end": { "line": 78, "column": 2 }
          }
        ]
      },
      "6": {
        "type": "branch",
        "line": 25,
        "loc": {
          "start": { "line": 25, "column": 17 },
          "end": { "line": 25, "column": 49 }
        },
        "locations": [
          {
            "start": { "line": 25, "column": 17 },
            "end": { "line": 25, "column": 49 }
          }
        ]
      },
      "7": {
        "type": "branch",
        "line": 53,
        "loc": {
          "start": { "line": 53, "column": 25 },
          "end": { "line": 73, "column": 16 }
        },
        "locations": [
          {
            "start": { "line": 53, "column": 25 },
            "end": { "line": 73, "column": 16 }
          }
        ]
      }
    },
    "b": {
      "0": [11],
      "1": [0],
      "2": [1],
      "3": [10],
      "4": [4],
      "5": [6],
      "6": [18],
      "7": [11]
    },
    "fnMap": {
      "0": {
        "name": "MoreCollection",
        "decl": {
          "start": { "line": 16, "column": 61 },
          "end": { "line": 78, "column": 2 }
        },
        "loc": {
          "start": { "line": 16, "column": 61 },
          "end": { "line": 78, "column": 2 }
        },
        "line": 16
      },
      "1": {
        "name": "handleNFTClick",
        "decl": {
          "start": { "line": 28, "column": 25 },
          "end": { "line": 30, "column": 4 }
        },
        "loc": {
          "start": { "line": 28, "column": 25 },
          "end": { "line": 30, "column": 4 }
        },
        "line": 28
      },
      "2": {
        "name": "onClick",
        "decl": {
          "start": { "line": 56, "column": 21 },
          "end": { "line": 56, "column": 50 }
        },
        "loc": {
          "start": { "line": 56, "column": 21 },
          "end": { "line": 56, "column": 50 }
        },
        "line": 56
      }
    },
    "f": { "0": 11, "1": 0, "2": 0 }
  },
  "/Users/igormorenosemedo/Documents/Dev/kiln/mintlayer/apps/nft-dapp/src/components/nft/NFTCard.tsx": {
    "path": "/Users/igormorenosemedo/Documents/Dev/kiln/mintlayer/apps/nft-dapp/src/components/nft/NFTCard.tsx",
    "all": false,
    "statementMap": {
      "0": {
        "start": { "line": 1, "column": 0 },
        "end": { "line": 1, "column": 26 }
      },
      "1": {
        "start": { "line": 2, "column": 0 },
        "end": { "line": 2, "column": 47 }
      },
      "2": {
        "start": { "line": 3, "column": 0 },
        "end": { "line": 3, "column": 48 }
      },
      "3": {
        "start": { "line": 4, "column": 0 },
        "end": { "line": 4, "column": 54 }
      },
      "4": {
        "start": { "line": 5, "column": 0 },
        "end": { "line": 5, "column": 56 }
      },
      "5": {
        "start": { "line": 6, "column": 0 },
        "end": { "line": 6, "column": 42 }
      },
      "7": {
        "start": { "line": 8, "column": 0 },
        "end": { "line": 8, "column": 43 }
      },
      "18": {
        "start": { "line": 19, "column": 0 },
        "end": { "line": 19, "column": 70 }
      },
      "19": {
        "start": { "line": 20, "column": 0 },
        "end": { "line": 20, "column": 33 }
      },
      "22": {
        "start": { "line": 23, "column": 0 },
        "end": { "line": 23, "column": 94 }
      },
      "23": {
        "start": { "line": 24, "column": 0 },
        "end": { "line": 24, "column": 62 }
      },
      "24": {
        "start": { "line": 25, "column": 0 },
        "end": { "line": 25, "column": 40 }
      },
      "27": {
        "start": { "line": 28, "column": 0 },
        "end": { "line": 28, "column": 35 }
      },
      "28": {
        "start": { "line": 29, "column": 0 },
        "end": { "line": 29, "column": 43 }
      },
      "29": {
        "start": { "line": 30, "column": 0 },
        "end": { "line": 30, "column": 11 }
      },
      "30": {
        "start": { "line": 31, "column": 0 },
        "end": { "line": 31, "column": 24 }
      },
      "31": {
        "start": { "line": 32, "column": 0 },
        "end": { "line": 32, "column": 23 }
      },
      "32": {
        "start": { "line": 33, "column": 0 },
        "end": { "line": 33, "column": 23 }
      },
      "33": {
        "start": { "line": 34, "column": 0 },
        "end": { "line": 34, "column": 53 }
      },
      "34": {
        "start": { "line": 35, "column": 0 },
        "end": { "line": 35, "column": 7 }
      },
      "35": {
        "start": { "line": 36, "column": 0 },
        "end": { "line": 36, "column": 5 }
      },
      "36": {
        "start": { "line": 37, "column": 0 },
        "end": { "line": 37, "column": 4 }
      },
      "38": {
        "start": { "line": 39, "column": 0 },
        "end": { "line": 39, "column": 10 }
      },
      "39": {
        "start": { "line": 40, "column": 0 },
        "end": { "line": 40, "column": 157 }
      },
      "40": {
        "start": { "line": 41, "column": 0 },
        "end": { "line": 41, "column": 65 }
      },
      "41": {
        "start": { "line": 42, "column": 0 },
        "end": { "line": 42, "column": 12 }
      },
      "42": {
        "start": { "line": 43, "column": 0 },
        "end": { "line": 43, "column": 47 }
      },
      "43": {
        "start": { "line": 44, "column": 0 },
        "end": { "line": 44, "column": 33 }
      },
      "44": {
        "start": { "line": 45, "column": 0 },
        "end": { "line": 45, "column": 104 }
      },
      "45": {
        "start": { "line": 46, "column": 0 },
        "end": { "line": 46, "column": 24 }
      },
      "46": {
        "start": { "line": 47, "column": 0 },
        "end": { "line": 47, "column": 33 }
      },
      "47": {
        "start": { "line": 48, "column": 0 },
        "end": { "line": 48, "column": 10 }
      },
      "48": {
        "start": { "line": 49, "column": 0 },
        "end": { "line": 49, "column": 12 }
      },
      "50": {
        "start": { "line": 51, "column": 0 },
        "end": { "line": 51, "column": 27 }
      },
      "51": {
        "start": { "line": 52, "column": 0 },
        "end": { "line": 52, "column": 63 }
      },
      "52": {
        "start": { "line": 53, "column": 0 },
        "end": { "line": 53, "column": 101 }
      },
      "53": {
        "start": { "line": 54, "column": 0 },
        "end": { "line": 54, "column": 31 }
      },
      "54": {
        "start": { "line": 55, "column": 0 },
        "end": { "line": 55, "column": 15 }
      },
      "55": {
        "start": { "line": 56, "column": 0 },
        "end": { "line": 56, "column": 63 }
      },
      "56": {
        "start": { "line": 57, "column": 0 },
        "end": { "line": 57, "column": 132 }
      },
      "57": {
        "start": { "line": 58, "column": 0 },
        "end": { "line": 58, "column": 31 }
      },
      "58": {
        "start": { "line": 59, "column": 0 },
        "end": { "line": 59, "column": 19 }
      },
      "60": {
        "start": { "line": 61, "column": 0 },
        "end": { "line": 61, "column": 30 }
      },
      "61": {
        "start": { "line": 62, "column": 0 },
        "end": { "line": 62, "column": 138 }
      },
      "63": {
        "start": { "line": 64, "column": 0 },
        "end": { "line": 64, "column": 19 }
      },
      "65": {
        "start": { "line": 66, "column": 0 },
        "end": { "line": 66, "column": 28 }
      },
      "66": {
        "start": { "line": 67, "column": 0 },
        "end": { "line": 67, "column": 134 }
      },
      "68": {
        "start": { "line": 69, "column": 0 },
        "end": { "line": 69, "column": 19 }
      },
      "70": {
        "start": { "line": 71, "column": 0 },
        "end": { "line": 71, "column": 14 }
      },
      "71": {
        "start": { "line": 72, "column": 0 },
        "end": { "line": 72, "column": 148 }
      },
      "72": {
        "start": { "line": 73, "column": 0 },
        "end": { "line": 73, "column": 47 }
      },
      "73": {
        "start": { "line": 74, "column": 0 },
        "end": { "line": 74, "column": 63 }
      },
      "74": {
        "start": { "line": 75, "column": 0 },
        "end": { "line": 75, "column": 39 }
      },
      "75": {
        "start": { "line": 76, "column": 0 },
        "end": { "line": 76, "column": 12 }
      },
      "76": {
        "start": { "line": 77, "column": 0 },
        "end": { "line": 77, "column": 35 }
      },
      "77": {
        "start": { "line": 78, "column": 0 },
        "end": { "line": 78, "column": 17 }
      },
      "78": {
        "start": { "line": 79, "column": 0 },
        "end": { "line": 79, "column": 33 }
      },
      "79": {
        "start": { "line": 80, "column": 0 },
        "end": { "line": 80, "column": 29 }
      },
      "80": {
        "start": { "line": 81, "column": 0 },
        "end": { "line": 81, "column": 21 }
      },
      "81": {
        "start": { "line": 82, "column": 0 },
        "end": { "line": 82, "column": 41 }
      },
      "82": {
        "start": { "line": 83, "column": 0 },
        "end": { "line": 83, "column": 55 }
      },
      "83": {
        "start": { "line": 84, "column": 0 },
        "end": { "line": 84, "column": 30 }
      },
      "84": {
        "start": { "line": 85, "column": 0 },
        "end": { "line": 85, "column": 38 }
      },
      "86": {
        "start": { "line": 87, "column": 0 },
        "end": { "line": 87, "column": 63 }
      },
      "87": {
        "start": { "line": 88, "column": 0 },
        "end": { "line": 88, "column": 19 }
      },
      "88": {
        "start": { "line": 89, "column": 0 },
        "end": { "line": 89, "column": 17 }
      },
      "89": {
        "start": { "line": 90, "column": 0 },
        "end": { "line": 90, "column": 54 }
      },
      "90": {
        "start": { "line": 91, "column": 0 },
        "end": { "line": 91, "column": 29 }
      },
      "91": {
        "start": { "line": 92, "column": 0 },
        "end": { "line": 92, "column": 21 }
      },
      "92": {
        "start": { "line": 93, "column": 0 },
        "end": { "line": 93, "column": 30 }
      },
      "93": {
        "start": { "line": 94, "column": 0 },
        "end": { "line": 94, "column": 45 }
      },
      "94": {
        "start": { "line": 95, "column": 0 },
        "end": { "line": 95, "column": 11 }
      },
      "96": {
        "start": { "line": 97, "column": 0 },
        "end": { "line": 97, "column": 19 }
      },
      "97": {
        "start": { "line": 98, "column": 0 },
        "end": { "line": 98, "column": 14 }
      },
      "99": {
        "start": { "line": 100, "column": 0 },
        "end": { "line": 100, "column": 41 }
      },
      "100": {
        "start": { "line": 101, "column": 0 },
        "end": { "line": 101, "column": 98 }
      },
      "101": {
        "start": { "line": 102, "column": 0 },
        "end": { "line": 102, "column": 28 }
      },
      "102": {
        "start": { "line": 103, "column": 0 },
        "end": { "line": 103, "column": 14 }
      },
      "106": {
        "start": { "line": 107, "column": 0 },
        "end": { "line": 107, "column": 12 }
      },
      "107": {
        "start": { "line": 108, "column": 0 },
        "end": { "line": 108, "column": 31 }
      },
      "108": {
        "start": { "line": 109, "column": 0 },
        "end": { "line": 109, "column": 149 }
      },
      "109": {
        "start": { "line": 110, "column": 0 },
        "end": { "line": 110, "column": 39 }
      },
      "110": {
        "start": { "line": 111, "column": 0 },
        "end": { "line": 111, "column": 65 }
      },
      "111": {
        "start": { "line": 112, "column": 0 },
        "end": { "line": 112, "column": 79 }
      },
      "112": {
        "start": { "line": 113, "column": 0 },
        "end": { "line": 113, "column": 16 }
      },
      "113": {
        "start": { "line": 114, "column": 0 },
        "end": { "line": 114, "column": 14 }
      },
      "115": {
        "start": { "line": 116, "column": 0 },
        "end": { "line": 116, "column": 10 }
      },
      "117": {
        "start": { "line": 118, "column": 0 },
        "end": { "line": 118, "column": 2 }
      }
    },
    "s": {
      "0": 1,
      "1": 1,
      "2": 1,
      "3": 1,
      "4": 1,
      "5": 1,
      "7": 1,
      "18": 1,
      "19": 13,
      "22": 13,
      "23": 13,
      "24": 13,
      "27": 13,
      "28": 0,
      "29": 0,
      "30": 0,
      "31": 0,
      "32": 0,
      "33": 0,
      "34": 0,
      "35": 0,
      "36": 0,
      "38": 13,
      "39": 13,
      "40": 13,
      "41": 13,
      "42": 13,
      "43": 13,
      "44": 13,
      "45": 13,
      "46": 13,
      "47": 13,
      "48": 13,
      "50": 13,
      "51": 13,
      "52": 13,
      "53": 13,
      "54": 13,
      "55": 13,
      "56": 0,
      "57": 0,
      "58": 0,
      "60": 13,
      "61": 0,
      "63": 0,
      "65": 13,
      "66": 0,
      "68": 0,
      "70": 13,
      "71": 13,
      "72": 13,
      "73": 1,
      "74": 12,
      "75": 13,
      "76": 13,
      "77": 13,
      "78": 13,
      "79": 13,
      "80": 13,
      "81": 13,
      "82": 13,
      "83": 13,
      "84": 13,
      "86": 13,
      "87": 13,
      "88": 13,
      "89": 13,
      "90": 13,
      "91": 13,
      "92": 13,
      "93": 13,
      "94": 13,
      "96": 13,
      "97": 13,
      "99": 13,
      "100": 7,
      "101": 7,
      "102": 7,
      "106": 13,
      "107": 13,
      "108": 0,
      "109": 0,
      "110": 0,
      "111": 0,
      "112": 0,
      "113": 0,
      "115": 13,
      "117": 13
    },
    "branchMap": {
      "0": {
        "type": "branch",
        "line": 19,
        "loc": {
          "start": { "line": 19, "column": 47 },
          "end": { "line": 118, "column": 2 }
        },
        "locations": [
          {
            "start": { "line": 19, "column": 47 },
            "end": { "line": 118, "column": 2 }
          }
        ]
      },
      "1": {
        "type": "branch",
        "line": 56,
        "loc": {
          "start": { "line": 56, "column": 57 },
          "end": { "line": 59, "column": 19 }
        },
        "locations": [
          {
            "start": { "line": 56, "column": 57 },
            "end": { "line": 59, "column": 19 }
          }
        ]
      },
      "2": {
        "type": "branch",
        "line": 61,
        "loc": {
          "start": { "line": 61, "column": 11 },
          "end": { "line": 64, "column": 19 }
        },
        "locations": [
          {
            "start": { "line": 61, "column": 11 },
            "end": { "line": 64, "column": 19 }
          }
        ]
      },
      "3": {
        "type": "branch",
        "line": 66,
        "loc": {
          "start": { "line": 66, "column": 11 },
          "end": { "line": 69, "column": 19 }
        },
        "locations": [
          {
            "start": { "line": 66, "column": 11 },
            "end": { "line": 69, "column": 19 }
          }
        ]
      },
      "4": {
        "type": "branch",
        "line": 73,
        "loc": {
          "start": { "line": 73, "column": 45 },
          "end": { "line": 74, "column": 63 }
        },
        "locations": [
          {
            "start": { "line": 73, "column": 45 },
            "end": { "line": 74, "column": 63 }
          }
        ]
      },
      "5": {
        "type": "branch",
        "line": 74,
        "loc": {
          "start": { "line": 74, "column": 58 },
          "end": { "line": 75, "column": 39 }
        },
        "locations": [
          {
            "start": { "line": 74, "column": 58 },
            "end": { "line": 75, "column": 39 }
          }
        ]
      },
      "6": {
        "type": "branch",
        "line": 83,
        "loc": {
          "start": { "line": 83, "column": 23 },
          "end": { "line": 83, "column": 55 }
        },
        "locations": [
          {
            "start": { "line": 83, "column": 23 },
            "end": { "line": 83, "column": 55 }
          }
        ]
      },
      "7": {
        "type": "branch",
        "line": 87,
        "loc": {
          "start": { "line": 87, "column": 23 },
          "end": { "line": 87, "column": 51 }
        },
        "locations": [
          {
            "start": { "line": 87, "column": 23 },
            "end": { "line": 87, "column": 51 }
          }
        ]
      },
      "8": {
        "type": "branch",
        "line": 100,
        "loc": {
          "start": { "line": 100, "column": 10 },
          "end": { "line": 100, "column": 41 }
        },
        "locations": [
          {
            "start": { "line": 100, "column": 10 },
            "end": { "line": 100, "column": 41 }
          }
        ]
      },
      "9": {
        "type": "branch",
        "line": 100,
        "loc": {
          "start": { "line": 100, "column": 22 },
          "end": { "line": 103, "column": 14 }
        },
        "locations": [
          {
            "start": { "line": 100, "column": 22 },
            "end": { "line": 103, "column": 14 }
          }
        ]
      },
      "10": {
        "type": "branch",
        "line": 108,
        "loc": {
          "start": { "line": 108, "column": 17 },
          "end": { "line": 114, "column": 14 }
        },
        "locations": [
          {
            "start": { "line": 108, "column": 17 },
            "end": { "line": 114, "column": 14 }
          }
        ]
      }
    },
    "b": {
      "0": [13],
      "1": [0],
      "2": [0],
      "3": [0],
      "4": [1],
      "5": [12],
      "6": [6],
      "7": [0],
      "8": [7],
      "9": [7],
      "10": [0]
    },
    "fnMap": {
      "0": {
        "name": "NFTCard",
        "decl": {
          "start": { "line": 19, "column": 47 },
          "end": { "line": 118, "column": 2 }
        },
        "loc": {
          "start": { "line": 19, "column": 47 },
          "end": { "line": 118, "column": 2 }
        },
        "line": 19
      },
      "1": {
        "name": "handleClaim",
        "decl": {
          "start": { "line": 28, "column": 22 },
          "end": { "line": 37, "column": 4 }
        },
        "loc": {
          "start": { "line": 28, "column": 22 },
          "end": { "line": 37, "column": 4 }
        },
        "line": 28
      },
      "2": {
        "name": "onClick",
        "decl": {
          "start": { "line": 90, "column": 21 },
          "end": { "line": 90, "column": 54 }
        },
        "loc": {
          "start": { "line": 90, "column": 21 },
          "end": { "line": 90, "column": 54 }
        },
        "line": 90
      }
    },
    "f": { "0": 13, "1": 0, "2": 0 }
  },
  "/Users/igormorenosemedo/Documents/Dev/kiln/mintlayer/apps/nft-dapp/src/components/nft/NFTDetails.tsx": {
    "path": "/Users/igormorenosemedo/Documents/Dev/kiln/mintlayer/apps/nft-dapp/src/components/nft/NFTDetails.tsx",
    "all": false,
    "statementMap": {
      "0": {
        "start": { "line": 1, "column": 0 },
        "end": { "line": 1, "column": 26 }
      },
      "1": {
        "start": { "line": 2, "column": 0 },
        "end": { "line": 2, "column": 58 }
      },
      "2": {
        "start": { "line": 3, "column": 0 },
        "end": { "line": 3, "column": 49 }
      },
      "3": {
        "start": { "line": 4, "column": 0 },
        "end": { "line": 4, "column": 41 }
      },
      "4": {
        "start": { "line": 5, "column": 0 },
        "end": { "line": 5, "column": 46 }
      },
      "5": {
        "start": { "line": 6, "column": 0 },
        "end": { "line": 6, "column": 50 }
      },
      "6": {
        "start": { "line": 7, "column": 0 },
        "end": { "line": 7, "column": 50 }
      },
      "11": {
        "start": { "line": 12, "column": 0 },
        "end": { "line": 12, "column": 43 }
      },
      "12": {
        "start": { "line": 13, "column": 0 },
        "end": { "line": 13, "column": 55 }
      },
      "13": {
        "start": { "line": 14, "column": 0 },
        "end": { "line": 14, "column": 33 }
      },
      "16": {
        "start": { "line": 17, "column": 0 },
        "end": { "line": 17, "column": 60 }
      },
      "19": {
        "start": { "line": 20, "column": 0 },
        "end": { "line": 20, "column": 37 }
      },
      "20": {
        "start": { "line": 21, "column": 0 },
        "end": { "line": 21, "column": 18 }
      },
      "21": {
        "start": { "line": 22, "column": 0 },
        "end": { "line": 22, "column": 4 }
      },
      "24": {
        "start": { "line": 25, "column": 0 },
        "end": { "line": 25, "column": 18 }
      },
      "25": {
        "start": { "line": 26, "column": 0 },
        "end": { "line": 26, "column": 12 }
      },
      "26": {
        "start": { "line": 27, "column": 0 },
        "end": { "line": 27, "column": 59 }
      },
      "27": {
        "start": { "line": 28, "column": 0 },
        "end": { "line": 28, "column": 46 }
      },
      "28": {
        "start": { "line": 29, "column": 0 },
        "end": { "line": 29, "column": 12 }
      },
      "30": {
        "start": { "line": 31, "column": 0 },
        "end": { "line": 31, "column": 3 }
      },
      "33": {
        "start": { "line": 34, "column": 0 },
        "end": { "line": 34, "column": 24 }
      },
      "34": {
        "start": { "line": 35, "column": 0 },
        "end": { "line": 35, "column": 12 }
      },
      "35": {
        "start": { "line": 36, "column": 0 },
        "end": { "line": 36, "column": 59 }
      },
      "36": {
        "start": { "line": 37, "column": 0 },
        "end": { "line": 37, "column": 43 }
      },
      "37": {
        "start": { "line": 38, "column": 0 },
        "end": { "line": 38, "column": 62 }
      },
      "38": {
        "start": { "line": 39, "column": 0 },
        "end": { "line": 39, "column": 67 }
      },
      "40": {
        "start": { "line": 41, "column": 0 },
        "end": { "line": 41, "column": 15 }
      },
      "41": {
        "start": { "line": 42, "column": 0 },
        "end": { "line": 42, "column": 44 }
      },
      "43": {
        "start": { "line": 44, "column": 0 },
        "end": { "line": 44, "column": 14 }
      },
      "44": {
        "start": { "line": 45, "column": 0 },
        "end": { "line": 45, "column": 66 }
      },
      "46": {
        "start": { "line": 47, "column": 0 },
        "end": { "line": 47, "column": 19 }
      },
      "47": {
        "start": { "line": 48, "column": 0 },
        "end": { "line": 48, "column": 14 }
      },
      "48": {
        "start": { "line": 49, "column": 0 },
        "end": { "line": 49, "column": 12 }
      },
      "50": {
        "start": { "line": 51, "column": 0 },
        "end": { "line": 51, "column": 3 }
      },
      "52": {
        "start": { "line": 53, "column": 0 },
        "end": { "line": 53, "column": 10 }
      },
      "53": {
        "start": { "line": 54, "column": 0 },
        "end": { "line": 54, "column": 65 }
      },
      "54": {
        "start": { "line": 55, "column": 0 },
        "end": { "line": 55, "column": 13 }
      },
      "55": {
        "start": { "line": 56, "column": 0 },
        "end": { "line": 56, "column": 37 }
      },
      "56": {
        "start": { "line": 57, "column": 0 },
        "end": { "line": 57, "column": 111 }
      },
      "58": {
        "start": { "line": 59, "column": 0 },
        "end": { "line": 59, "column": 92 }
      },
      "59": {
        "start": { "line": 60, "column": 0 },
        "end": { "line": 60, "column": 99 }
      },
      "60": {
        "start": { "line": 61, "column": 0 },
        "end": { "line": 61, "column": 14 }
      },
      "62": {
        "start": { "line": 63, "column": 0 },
        "end": { "line": 63, "column": 15 }
      },
      "63": {
        "start": { "line": 64, "column": 0 },
        "end": { "line": 64, "column": 61 }
      },
      "64": {
        "start": { "line": 65, "column": 0 },
        "end": { "line": 65, "column": 34 }
      },
      "65": {
        "start": { "line": 66, "column": 0 },
        "end": { "line": 66, "column": 36 }
      },
      "66": {
        "start": { "line": 67, "column": 0 },
        "end": { "line": 67, "column": 12 }
      },
      "69": {
        "start": { "line": 70, "column": 0 },
        "end": { "line": 70, "column": 46 }
      },
      "70": {
        "start": { "line": 71, "column": 0 },
        "end": { "line": 71, "column": 10 }
      },
      "72": {
        "start": { "line": 73, "column": 0 },
        "end": { "line": 73, "column": 2 }
      }
    },
    "s": {
      "0": 1,
      "1": 1,
      "2": 1,
      "3": 1,
      "4": 1,
      "5": 1,
      "6": 1,
      "11": 1,
      "12": 7,
      "13": 7,
      "16": 7,
      "19": 7,
      "20": 0,
      "21": 0,
      "24": 7,
      "25": 1,
      "26": 1,
      "27": 1,
      "28": 1,
      "30": 1,
      "33": 7,
      "34": 2,
      "35": 2,
      "36": 2,
      "37": 2,
      "38": 2,
      "40": 2,
      "41": 2,
      "43": 2,
      "44": 2,
      "46": 2,
      "47": 2,
      "48": 2,
      "50": 2,
      "52": 4,
      "53": 4,
      "54": 4,
      "55": 4,
      "56": 4,
      "58": 4,
      "59": 4,
      "60": 4,
      "62": 4,
      "63": 4,
      "64": 4,
      "65": 4,
      "66": 4,
      "69": 4,
      "70": 4,
      "72": 4
    },
    "branchMap": {
      "0": {
        "type": "branch",
        "line": 12,
        "loc": {
          "start": { "line": 12, "column": 36 },
          "end": { "line": 73, "column": 2 }
        },
        "locations": [
          {
            "start": { "line": 12, "column": 36 },
            "end": { "line": 73, "column": 2 }
          }
[...]
      },
      "86": {
        "start": { "line": 87, "column": 0 },
        "end": { "line": 87, "column": 25 }
      },
      "87": {
        "start": { "line": 88, "column": 0 },
        "end": { "line": 88, "column": 9 }
      },
      "90": {
        "start": { "line": 91, "column": 0 },
        "end": { "line": 91, "column": 20 }
      },
      "91": {
        "start": { "line": 92, "column": 0 },
        "end": { "line": 92, "column": 22 }
      },
      "92": {
        "start": { "line": 93, "column": 0 },
        "end": { "line": 93, "column": 24 }
      },
      "93": {
        "start": { "line": 94, "column": 0 },
        "end": { "line": 94, "column": 25 }
      },
      "94": {
        "start": { "line": 95, "column": 0 },
        "end": { "line": 95, "column": 23 }
      },
      "95": {
        "start": { "line": 96, "column": 0 },
        "end": { "line": 96, "column": 20 }
      },
      "96": {
        "start": { "line": 97, "column": 0 },
        "end": { "line": 97, "column": 15 }
      },
      "97": {
        "start": { "line": 98, "column": 0 },
        "end": { "line": 98, "column": 9 }
      },
      "99": {
        "start": { "line": 100, "column": 0 },
        "end": { "line": 100, "column": 21 }
      },
      "100": {
        "start": { "line": 101, "column": 0 },
        "end": { "line": 101, "column": 43 }
      },
      "102": {
        "start": { "line": 103, "column": 0 },
        "end": { "line": 103, "column": 20 }
      },
      "103": {
        "start": { "line": 104, "column": 0 },
        "end": { "line": 104, "column": 22 }
      },
      "104": {
        "start": { "line": 105, "column": 0 },
        "end": { "line": 105, "column": 25 }
      },
      "105": {
        "start": { "line": 106, "column": 0 },
        "end": { "line": 106, "column": 25 }
      },
      "106": {
        "start": { "line": 107, "column": 0 },
        "end": { "line": 107, "column": 22 }
      },
      "107": {
        "start": { "line": 108, "column": 0 },
        "end": { "line": 108, "column": 81 }
      },
      "108": {
        "start": { "line": 109, "column": 0 },
        "end": { "line": 109, "column": 9 }
      },
      "109": {
        "start": { "line": 110, "column": 0 },
        "end": { "line": 110, "column": 5 }
      },
      "110": {
        "start": { "line": 111, "column": 0 },
        "end": { "line": 111, "column": 65 }
      },
      "112": {
        "start": { "line": 113, "column": 0 },
        "end": { "line": 113, "column": 44 }
      },
      "113": {
        "start": { "line": 114, "column": 0 },
        "end": { "line": 114, "column": 18 }
      },
      "114": {
        "start": { "line": 115, "column": 0 },
        "end": { "line": 115, "column": 19 }
      },
      "115": {
        "start": { "line": 116, "column": 0 },
        "end": { "line": 116, "column": 23 }
      },
      "116": {
        "start": { "line": 117, "column": 0 },
        "end": { "line": 117, "column": 23 }
      },
      "117": {
        "start": { "line": 118, "column": 0 },
        "end": { "line": 118, "column": 21 }
      },
      "118": {
        "start": { "line": 119, "column": 0 },
        "end": { "line": 119, "column": 18 }
      },
      "119": {
        "start": { "line": 120, "column": 0 },
        "end": { "line": 120, "column": 24 }
      },
      "120": {
        "start": { "line": 121, "column": 0 },
        "end": { "line": 121, "column": 7 }
      },
      "121": {
        "start": { "line": 122, "column": 0 },
        "end": { "line": 122, "column": 9 }
      },
      "123": {
        "start": { "line": 124, "column": 0 },
        "end": { "line": 124, "column": 10 }
      },
      "125": {
        "start": { "line": 126, "column": 0 },
        "end": { "line": 126, "column": 14 }
      },
      "126": {
        "start": { "line": 127, "column": 0 },
        "end": { "line": 127, "column": 9 }
      },
      "127": {
        "start": { "line": 128, "column": 0 },
        "end": { "line": 128, "column": 19 }
      },
      "128": {
        "start": { "line": 129, "column": 0 },
        "end": { "line": 129, "column": 4 }
      },
      "129": {
        "start": { "line": 130, "column": 0 },
        "end": { "line": 130, "column": 2 }
      }
    },
    "s": {
      "0": 1,
      "1": 1,
      "6": 1,
      "12": 1,
      "23": 1,
      "24": 16,
      "25": 16,
      "26": 16,
      "27": 16,
      "28": 16,
      "29": 16,
      "30": 16,
      "33": 16,
      "34": 16,
      "37": 16,
      "38": 16,
      "39": 16,
      "40": 16,
      "41": 16,
      "42": 16,
      "43": 16,
      "44": 16,
      "45": 16,
      "47": 16,
      "50": 16,
      "51": 16,
      "52": 0,
      "53": 0,
      "54": 0,
      "55": 0,
      "56": 0,
      "57": 0,
      "58": 16,
      "61": 16,
      "62": 1,
      "63": 0,
      "64": 0,
      "66": 1,
      "67": 0,
      "68": 0,
      "70": 1,
      "71": 1,
      "72": 1,
      "73": 1,
      "74": 1,
      "75": 1,
      "76": 1,
      "78": 1,
      "80": 1,
      "81": 1,
      "82": 1,
      "83": 1,
      "84": 1,
      "85": 1,
      "86": 1,
      "87": 1,
      "90": 1,
      "91": 1,
      "92": 1,
      "93": 1,
      "94": 1,
      "95": 1,
      "96": 1,
      "97": 1,
      "99": 1,
      "100": 0,
      "102": 0,
      "103": 0,
      "104": 0,
      "105": 0,
      "106": 0,
      "107": 0,
      "108": 0,
      "109": 0,
      "110": 16,
      "112": 16,
      "113": 1,
      "114": 1,
      "115": 1,
      "116": 1,
      "117": 1,
      "118": 1,
      "119": 1,
      "120": 1,
      "121": 16,
      "123": 16,
      "125": 16,
      "126": 16,
      "127": 16,
      "128": 16,
      "129": 16
    },
    "branchMap": {
      "0": {
        "type": "branch",
        "line": 24,
        "loc": {
          "start": { "line": 24, "column": 23 },
          "end": { "line": 130, "column": 2 }
        },
        "locations": [
          {
            "start": { "line": 24, "column": 23 },
            "end": { "line": 130, "column": 2 }
          }
        ]
      },
      "1": {
        "type": "branch",
        "line": 48,
        "loc": {
          "start": { "line": 48, "column": 25 },
          "end": { "line": 48, "column": 39 }
        },
        "locations": [
          {
            "start": { "line": 48, "column": 25 },
            "end": { "line": 48, "column": 39 }
          }
        ]
      },
      "2": {
        "type": "branch",
        "line": 51,
        "loc": {
          "start": { "line": 51, "column": 12 },
          "end": { "line": 59, "column": 5 }
        },
        "locations": [
          {
            "start": { "line": 51, "column": 12 },
            "end": { "line": 59, "column": 5 }
          }
        ]
      },
      "3": {
        "type": "branch",
        "line": 52,
        "loc": {
          "start": { "line": 52, "column": 8 },
          "end": { "line": 52, "column": 51 }
        },
        "locations": [
          {
            "start": { "line": 52, "column": 8 },
            "end": { "line": 52, "column": 51 }
          }
        ]
      },
      "4": {
        "type": "branch",
        "line": 52,
        "loc": {
          "start": { "line": 52, "column": 51 },
          "end": { "line": 58, "column": 5 }
        },
        "locations": [
          {
            "start": { "line": 52, "column": 51 },
            "end": { "line": 58, "column": 5 }
          }
        ]
      },
      "5": {
        "type": "branch",
        "line": 62,
        "loc": {
          "start": { "line": 62, "column": 27 },
          "end": { "line": 111, "column": 5 }
        },
        "locations": [
          {
            "start": { "line": 62, "column": 27 },
            "end": { "line": 111, "column": 5 }
          }
        ]
      },
      "6": {
        "type": "branch",
        "line": 63,
        "loc": {
          "start": { "line": 63, "column": 34 },
          "end": { "line": 65, "column": 5 }
        },
        "locations": [
          {
            "start": { "line": 63, "column": 34 },
            "end": { "line": 65, "column": 5 }
          }
        ]
      },
      "7": {
        "type": "branch",
        "line": 67,
        "loc": {
          "start": { "line": 67, "column": 25 },
          "end": { "line": 69, "column": 5 }
        },
        "locations": [
          {
            "start": { "line": 67, "column": 25 },
            "end": { "line": 69, "column": 5 }
          }
        ]
      },
      "8": {
        "type": "branch",
        "line": 100,
        "loc": {
          "start": { "line": 100, "column": 4 },
          "end": { "line": 110, "column": 5 }
        },
        "locations": [
          {
            "start": { "line": 100, "column": 4 },
            "end": { "line": 110, "column": 5 }
          }
        ]
      },
      "9": {
        "type": "branch",
        "line": 113,
        "loc": {
          "start": { "line": 113, "column": 37 },
          "end": { "line": 122, "column": 5 }
        },
        "locations": [
          {
            "start": { "line": 113, "column": 37 },
            "end": { "line": 122, "column": 5 }
          }
        ]
      }
    },
    "b": {
      "0": [16],
      "1": [5],
      "2": [16],
      "3": [0],
      "4": [0],
      "5": [1],
      "6": [0],
      "7": [0],
      "8": [0],
      "9": [1]
    },
    "fnMap": {
      "0": {
        "name": "useWeb3",
        "decl": {
          "start": { "line": 24, "column": 23 },
          "end": { "line": 130, "column": 2 }
        },
        "loc": {
          "start": { "line": 24, "column": 23 },
          "end": { "line": 130, "column": 2 }
        },
        "line": 24
      }
    },
    "f": { "0": 16 }
  },
  "/Users/igormorenosemedo/Documents/Dev/kiln/mintlayer/apps/nft-dapp/src/services/api.ts": {
    "path": "/Users/igormorenosemedo/Documents/Dev/kiln/mintlayer/apps/nft-dapp/src/services/api.ts",
    "all": false,
    "statementMap": {
      "1": {
        "start": { "line": 2, "column": 0 },
        "end": { "line": 2, "column": 42 }
      },
      "3": {
        "start": { "line": 4, "column": 0 },
        "end": { "line": 4, "column": 45 }
      },
      "5": {
        "start": { "line": 6, "column": 0 },
        "end": { "line": 6, "column": 20 }
      },
      "6": {
        "start": { "line": 7, "column": 0 },
        "end": { "line": 7, "column": 35 }
      },
      "7": {
        "start": { "line": 8, "column": 0 },
        "end": { "line": 8, "column": 57 }
      },
      "8": {
        "start": { "line": 9, "column": 0 },
        "end": { "line": 9, "column": 23 }
      },
      "9": {
        "start": { "line": 10, "column": 0 },
        "end": { "line": 10, "column": 46 }
      },
      "10": {
        "start": { "line": 11, "column": 0 },
        "end": { "line": 11, "column": 5 }
      },
      "11": {
        "start": { "line": 12, "column": 0 },
        "end": { "line": 12, "column": 27 }
      },
      "12": {
        "start": { "line": 13, "column": 0 },
        "end": { "line": 13, "column": 4 }
      },
      "14": {
        "start": { "line": 15, "column": 0 },
        "end": { "line": 15, "column": 42 }
      },
      "15": {
        "start": { "line": 16, "column": 0 },
        "end": { "line": 16, "column": 63 }
      },
      "16": {
        "start": { "line": 17, "column": 0 },
        "end": { "line": 17, "column": 23 }
      },
      "17": {
        "start": { "line": 18, "column": 0 },
        "end": { "line": 18, "column": 45 }
      },
      "18": {
        "start": { "line": 19, "column": 0 },
        "end": { "line": 19, "column": 5 }
      },
      "19": {
        "start": { "line": 20, "column": 0 },
        "end": { "line": 20, "column": 27 }
      },
      "20": {
        "start": { "line": 21, "column": 0 },
        "end": { "line": 21, "column": 3 }
      },
      "21": {
        "start": { "line": 22, "column": 0 },
        "end": { "line": 22, "column": 2 }
      }
    },
    "s": {
      "1": 1,
      "3": 1,
      "5": 1,
      "6": 1,
      "7": 3,
      "8": 3,
      "9": 1,
      "10": 1,
      "11": 1,
      "12": 3,
      "14": 1,
      "15": 4,
      "16": 4,
      "17": 1,
      "18": 1,
      "19": 2,
      "20": 4,
      "21": 1
    },
    "branchMap": {
      "0": {
        "type": "branch",
        "line": 7,
        "loc": {
          "start": { "line": 7, "column": 2 },
          "end": { "line": 13, "column": 4 }
        },
        "locations": [
          {
            "start": { "line": 7, "column": 2 },
            "end": { "line": 13, "column": 4 }
          }
        ]
      },
      "1": {
        "type": "branch",
        "line": 8,
        "loc": {
          "start": { "line": 8, "column": 55 },
          "end": { "line": 9, "column": 22 }
        },
        "locations": [
          {
            "start": { "line": 8, "column": 55 },
            "end": { "line": 9, "column": 22 }
          }
        ]
      },
      "2": {
        "type": "branch",
        "line": 9,
        "loc": {
          "start": { "line": 9, "column": 22 },
          "end": { "line": 12, "column": 27 }
        },
        "locations": [
          {
            "start": { "line": 9, "column": 22 },
            "end": { "line": 12, "column": 27 }
          }
        ]
      },
      "3": {
        "type": "branch",
        "line": 15,
        "loc": {
          "start": { "line": 15, "column": 2 },
          "end": { "line": 21, "column": 3 }
        },
        "locations": [
          {
            "start": { "line": 15, "column": 2 },
            "end": { "line": 21, "column": 3 }
          }
        ]
      },
      "4": {
        "type": "branch",
        "line": 16,
        "loc": {
          "start": { "line": 16, "column": 61 },
          "end": { "line": 17, "column": 22 }
        },
        "locations": [
          {
            "start": { "line": 16, "column": 61 },
            "end": { "line": 17, "column": 22 }
          }
        ]
      },
      "5": {
        "type": "branch",
        "line": 17,
        "loc": {
          "start": { "line": 17, "column": 22 },
          "end": { "line": 19, "column": 5 }
        },
        "locations": [
          {
            "start": { "line": 17, "column": 22 },
            "end": { "line": 19, "column": 5 }
          }
        ]
      },
      "6": {
        "type": "branch",
        "line": 19,
        "loc": {
          "start": { "line": 19, "column": 4 },
          "end": { "line": 20, "column": 27 }
        },
        "locations": [
          {
            "start": { "line": 19, "column": 4 },
            "end": { "line": 20, "column": 27 }
          }
        ]
      }
    },
    "b": {
      "0": [3],
      "1": [2],
      "2": [1],
      "3": [4],
      "4": [3],
      "5": [1],
      "6": [2]
    },
    "fnMap": {
      "0": {
        "name": "getNFTs",
        "decl": {
          "start": { "line": 7, "column": 2 },
          "end": { "line": 13, "column": 4 }
        },
        "loc": {
          "start": { "line": 7, "column": 2 },
          "end": { "line": 13, "column": 4 }
        },
        "line": 7
      },
      "1": {
        "name": "getNFT",
        "decl": {
          "start": { "line": 15, "column": 2 },
          "end": { "line": 21, "column": 3 }
        },
        "loc": {
          "start": { "line": 15, "column": 2 },
          "end": { "line": 21, "column": 3 }
        },
        "line": 15
      }
    },
    "f": { "0": 3, "1": 4 }
  },
  "/Users/igormorenosemedo/Documents/Dev/kiln/mintlayer/apps/nft-dapp/src/types/hooks.ts": {
    "path": "/Users/igormorenosemedo/Documents/Dev/kiln/mintlayer/apps/nft-dapp/src/types/hooks.ts",
    "all": true,
    "statementMap": {},
    "s": {},
    "branchMap": {
      "0": {
        "type": "branch",
        "line": 1,
        "loc": {
          "start": { "line": 1, "column": 1008 },
          "end": { "line": 53, "column": 1 }
        },
        "locations": [
          {
            "start": { "line": 1, "column": 1008 },
            "end": { "line": 53, "column": 1 }
          }
        ]
      }
    },
    "b": { "0": [1] },
    "fnMap": {
      "0": {
        "name": "(empty-report)",
        "decl": {
          "start": { "line": 1, "column": 1008 },
          "end": { "line": 53, "column": 1 }
        },
        "loc": {
          "start": { "line": 1, "column": 1008 },
          "end": { "line": 53, "column": 1 }
        },
        "line": 1
      }
    },
    "f": { "0": 1 }
  },
  "/Users/igormorenosemedo/Documents/Dev/kiln/mintlayer/apps/nft-dapp/src/types/nft.ts": {
    "path": "/Users/igormorenosemedo/Documents/Dev/kiln/mintlayer/apps/nft-dapp/src/types/nft.ts",
    "all": true,
    "statementMap": {},
    "s": {},
    "branchMap": {
      "0": {
        "type": "branch",
        "line": 1,
        "loc": {
          "start": { "line": 1, "column": 663 },
          "end": { "line": 36, "column": 1 }
        },
        "locations": [
          {
            "start": { "line": 1, "column": 663 },
            "end": { "line": 36, "column": 1 }
          }
        ]
      }
    },
    "b": { "0": [1] },
    "fnMap": {
      "0": {
        "name": "(empty-report)",
        "decl": {
          "start": { "line": 1, "column": 663 },
          "end": { "line": 36, "column": 1 }
        },
        "loc": {
          "start": { "line": 1, "column": 663 },
          "end": { "line": 36, "column": 1 }
        },
        "line": 1
      }
    },
    "f": { "0": 1 }
  },
  "/Users/igormorenosemedo/Documents/Dev/kiln/mintlayer/apps/nft-dapp/src/utils/ipfs.ts": {
    "path": "/Users/igormorenosemedo/Documents/Dev/kiln/mintlayer/apps/nft-dapp/src/utils/ipfs.ts",
    "all": false,
    "statementMap": {
      "9": {
        "start": { "line": 10, "column": 0 },
        "end": { "line": 10, "column": 57 }
      },
      "10": {
        "start": { "line": 11, "column": 0 },
        "end": { "line": 11, "column": 38 }
      },
      "11": {
        "start": { "line": 12, "column": 0 },
        "end": { "line": 12, "column": 63 }
      },
      "12": {
        "start": { "line": 13, "column": 0 },
        "end": { "line": 13, "column": 3 }
      },
      "13": {
        "start": { "line": 14, "column": 0 },
        "end": { "line": 14, "column": 17 }
      },
      "14": {
        "start": { "line": 15, "column": 0 },
        "end": { "line": 15, "column": 2 }
      }
    },
    "s": { "9": 1, "10": 27, "11": 24, "12": 24, "13": 3, "14": 3 },
    "branchMap": {
      "0": {
        "type": "branch",
        "line": 10,
        "loc": {
          "start": { "line": 10, "column": 27 },
          "end": { "line": 15, "column": 2 }
        },
        "locations": [
          {
            "start": { "line": 10, "column": 27 },
            "end": { "line": 15, "column": 2 }
          }
        ]
      },
      "1": {
        "type": "branch",
        "line": 11,
        "loc": {
          "start": { "line": 11, "column": 37 },
          "end": { "line": 13, "column": 3 }
        },
        "locations": [
          {
            "start": { "line": 11, "column": 37 },
            "end": { "line": 13, "column": 3 }
          }
        ]
      },
      "2": {
        "type": "branch",
        "line": 13,
        "loc": {
          "start": { "line": 13, "column": 2 },
          "end": { "line": 15, "column": 2 }
        },
        "locations": [
          {
            "start": { "line": 13, "column": 2 },
            "end": { "line": 15, "column": 2 }
          }
        ]
      }
    },
    "b": { "0": [27], "1": [24], "2": [3] },
    "fnMap": {
      "0": {
        "name": "getImageUrl",
        "decl": {
          "start": { "line": 10, "column": 27 },
          "end": { "line": 15, "column": 2 }
        },
        "loc": {
          "start": { "line": 10, "column": 27 },
          "end": { "line": 15, "column": 2 }
        },
        "line": 10
      }
    },
    "f": { "0": 27 }
  }
}
